  [4;36;1mSQL (0.2ms)[0m   [0;1m SELECT name
 FROM sqlite_master
 WHERE type = 'table' AND NOT name = 'sqlite_sequence'
[0m
  [4;35;1mSQL (0.1ms)[0m   [0mselect sqlite_version(*)[0m
  [4;36;1mSQL (2.5ms)[0m   [0;1mCREATE TABLE "schema_migrations" ("version" varchar(255) NOT NULL) [0m
  [4;35;1mSQL (1.9ms)[0m   [0mCREATE UNIQUE INDEX "unique_schema_migrations" ON "schema_migrations" ("version")[0m
  [4;36;1mSQL (0.2ms)[0m   [0;1m SELECT name
 FROM sqlite_master
 WHERE type = 'table' AND NOT name = 'sqlite_sequence'
[0m
  [4;35;1mSQL (0.1ms)[0m   [0mSELECT version FROM schema_migrations[0m
Migrating to CreateArticles (20100408185354)
  [4;36;1mSQL (0.3ms)[0m   [0;1mCREATE TABLE "articles" ("id" INTEGER PRIMARY KEY AUTOINCREMENT NOT NULL, "created_at" datetime, "updated_at" datetime) [0m
  [4;35;1mSQL (0.1ms)[0m   [0mINSERT INTO schema_migrations (version) VALUES ('20100408185354')[0m
  [4;36;1mSQL (0.2ms)[0m   [0;1m SELECT name
 FROM sqlite_master
 WHERE type = 'table' AND NOT name = 'sqlite_sequence'
[0m
  [4;35;1mSQL (0.1ms)[0m   [0mSELECT version FROM schema_migrations[0m
  [4;36;1mSQL (0.1ms)[0m   [0;1m SELECT name
 FROM sqlite_master
 WHERE type = 'table' AND NOT name = 'sqlite_sequence'
[0m
  [4;35;1mSQL (0.0ms)[0m   [0mPRAGMA index_list("articles")[0m
  [4;36;1mSQL (0.4ms)[0m   [0;1m SELECT name
 FROM sqlite_master
 WHERE type = 'table' AND NOT name = 'sqlite_sequence'
[0m
  [4;35;1mSQL (0.1ms)[0m   [0mSELECT version FROM schema_migrations[0m
Migrating to CreateArticles (20100408185354)
  [4;36;1mSQL (0.1ms)[0m   [0;1mselect sqlite_version(*)[0m
  [4;35;1mSQL (0.1ms)[0m   [0m SELECT name
 FROM sqlite_master
 WHERE type = 'table' AND NOT name = 'sqlite_sequence'
[0m
  [4;36;1mSQL (0.1ms)[0m   [0;1mSELECT version FROM schema_migrations[0m
  [4;35;1mSQL (0.1ms)[0m   [0m SELECT name
 FROM sqlite_master
 WHERE type = 'table' AND NOT name = 'sqlite_sequence'
[0m
  [4;36;1mSQL (0.0ms)[0m   [0;1mPRAGMA index_list("articles")[0m
  [4;36;1mSQL (0.4ms)[0m   [0;1m SELECT name
 FROM sqlite_master
 WHERE type = 'table' AND NOT name = 'sqlite_sequence'
[0m
  [4;35;1mSQL (0.1ms)[0m   [0mSELECT version FROM schema_migrations[0m
  [4;36;1mSQL (0.1ms)[0m   [0;1mselect sqlite_version(*)[0m
  [4;35;1mSQL (0.1ms)[0m   [0m SELECT name
 FROM sqlite_master
 WHERE type = 'table' AND NOT name = 'sqlite_sequence'
[0m
  [4;36;1mSQL (46.8ms)[0m   [0;1mCREATE TABLE "articles" ("id" INTEGER PRIMARY KEY AUTOINCREMENT NOT NULL, "created_at" datetime, "updated_at" datetime) [0m
  [4;35;1mSQL (0.4ms)[0m   [0m SELECT name
 FROM sqlite_master
 WHERE type = 'table' AND NOT name = 'sqlite_sequence'
[0m
  [4;36;1mSQL (2.6ms)[0m   [0;1mCREATE TABLE "schema_migrations" ("version" varchar(255) NOT NULL) [0m
  [4;35;1mSQL (3.5ms)[0m   [0mCREATE UNIQUE INDEX "unique_schema_migrations" ON "schema_migrations" ("version")[0m
  [4;36;1mSQL (0.3ms)[0m   [0;1m SELECT name
 FROM sqlite_master
 WHERE type = 'table' AND NOT name = 'sqlite_sequence'
[0m
  [4;35;1mSQL (0.1ms)[0m   [0mSELECT version FROM "schema_migrations"[0m
  [4;36;1mSQL (1.9ms)[0m   [0;1mINSERT INTO "schema_migrations" (version) VALUES ('20100408185354')[0m
  [4;36;1mSQL (0.4ms)[0m   [0;1m SELECT name
 FROM sqlite_master
 WHERE type = 'table' AND NOT name = 'sqlite_sequence'
[0m
  [4;35;1mSQL (0.1ms)[0m   [0mSELECT version FROM schema_migrations[0m
Migrating to CreateArticles (20100408185354)
  [4;36;1mSQL (0.1ms)[0m   [0;1mselect sqlite_version(*)[0m
  [4;35;1mSQL (0.1ms)[0m   [0m SELECT name
 FROM sqlite_master
 WHERE type = 'table' AND NOT name = 'sqlite_sequence'
[0m
  [4;36;1mSQL (0.1ms)[0m   [0;1mSELECT version FROM schema_migrations[0m
  [4;35;1mSQL (0.1ms)[0m   [0m SELECT name
 FROM sqlite_master
 WHERE type = 'table' AND NOT name = 'sqlite_sequence'
[0m
  [4;36;1mSQL (0.0ms)[0m   [0;1mPRAGMA index_list("articles")[0m
  [4;36;1mSQL (0.4ms)[0m   [0;1m SELECT name
 FROM sqlite_master
 WHERE type = 'table' AND NOT name = 'sqlite_sequence'
[0m
  [4;35;1mSQL (0.1ms)[0m   [0mSELECT version FROM schema_migrations[0m
  [4;36;1mSQL (0.1ms)[0m   [0;1m SELECT name
 FROM sqlite_master
 WHERE type = 'table' AND NOT name = 'sqlite_sequence'
[0m
  [4;35;1mSQL (0.1ms)[0m   [0mSELECT version FROM schema_migrations[0m
Migrating to CreateArticles (20100408185354)
  [4;36;1mSQL (0.1ms)[0m   [0;1mselect sqlite_version(*)[0m
  [4;35;1mSQL (0.6ms)[0m   [0mDROP TABLE "articles"[0m
  [4;36;1mSQL (0.1ms)[0m   [0;1mDELETE FROM schema_migrations WHERE version = '20100408185354'[0m
  [4;35;1mSQL (0.3ms)[0m   [0m SELECT name
 FROM sqlite_master
 WHERE type = 'table' AND NOT name = 'sqlite_sequence'
[0m
  [4;36;1mSQL (0.1ms)[0m   [0;1mSELECT version FROM schema_migrations[0m
  [4;35;1mSQL (0.1ms)[0m   [0m SELECT name
 FROM sqlite_master
 WHERE type = 'table' AND NOT name = 'sqlite_sequence'
[0m
  [4;36;1mSQL (0.4ms)[0m   [0;1m SELECT name
 FROM sqlite_master
 WHERE type = 'table' AND NOT name = 'sqlite_sequence'
[0m
  [4;35;1mSQL (0.1ms)[0m   [0mSELECT version FROM schema_migrations[0m
Migrating to CreateArticles (20100408185354)
  [4;36;1mSQL (0.1ms)[0m   [0;1mselect sqlite_version(*)[0m
  [4;35;1mSQL (0.4ms)[0m   [0mCREATE TABLE "articles" ("id" INTEGER PRIMARY KEY AUTOINCREMENT NOT NULL, "title" varchar(255), "body" text, "created_at" datetime, "updated_at" datetime) [0m
  [4;36;1mSQL (0.1ms)[0m   [0;1mINSERT INTO schema_migrations (version) VALUES ('20100408185354')[0m
  [4;35;1mSQL (0.3ms)[0m   [0m SELECT name
 FROM sqlite_master
 WHERE type = 'table' AND NOT name = 'sqlite_sequence'
[0m
  [4;36;1mSQL (0.1ms)[0m   [0;1mSELECT version FROM schema_migrations[0m
  [4;35;1mSQL (0.1ms)[0m   [0m SELECT name
 FROM sqlite_master
 WHERE type = 'table' AND NOT name = 'sqlite_sequence'
[0m
  [4;36;1mSQL (0.0ms)[0m   [0;1mPRAGMA index_list("articles")[0m
  [4;36;1mSQL (0.4ms)[0m   [0;1m SELECT name
 FROM sqlite_master
 WHERE type = 'table' AND NOT name = 'sqlite_sequence'
[0m
  [4;35;1mSQL (0.1ms)[0m   [0mSELECT version FROM schema_migrations[0m
  [4;36;1mSQL (0.1ms)[0m   [0;1mselect sqlite_version(*)[0m
  [4;35;1mSQL (0.1ms)[0m   [0m SELECT name
 FROM sqlite_master
 WHERE type = 'table' AND NOT name = 'sqlite_sequence'
[0m
  [4;36;1mSQL (47.9ms)[0m   [0;1mCREATE TABLE "articles" ("id" INTEGER PRIMARY KEY AUTOINCREMENT NOT NULL, "title" varchar(255), "body" text, "created_at" datetime, "updated_at" datetime) [0m
  [4;35;1mSQL (0.4ms)[0m   [0m SELECT name
 FROM sqlite_master
 WHERE type = 'table' AND NOT name = 'sqlite_sequence'
[0m
  [4;36;1mSQL (2.5ms)[0m   [0;1mCREATE TABLE "schema_migrations" ("version" varchar(255) NOT NULL) [0m
  [4;35;1mSQL (3.4ms)[0m   [0mCREATE UNIQUE INDEX "unique_schema_migrations" ON "schema_migrations" ("version")[0m
  [4;36;1mSQL (0.9ms)[0m   [0;1m SELECT name
 FROM sqlite_master
 WHERE type = 'table' AND NOT name = 'sqlite_sequence'
[0m
  [4;35;1mSQL (0.1ms)[0m   [0mSELECT version FROM "schema_migrations"[0m
  [4;36;1mSQL (3.7ms)[0m   [0;1mINSERT INTO "schema_migrations" (version) VALUES ('20100408185354')[0m


Processing ArticlesController#index (for 127.0.0.1 at 2010-04-08 20:37:05) [GET]

ActionController::UnknownAction (No action responded to index. Actions: create, edit, new, and show):
  /Users/bryan/.rvm/rubies/ruby-1.8.7-p249/lib/ruby/1.8/webrick/httpserver.rb:104:in `service'
  /Users/bryan/.rvm/rubies/ruby-1.8.7-p249/lib/ruby/1.8/webrick/httpserver.rb:65:in `run'
  /Users/bryan/.rvm/rubies/ruby-1.8.7-p249/lib/ruby/1.8/webrick/server.rb:173:in `start_thread'
  /Users/bryan/.rvm/rubies/ruby-1.8.7-p249/lib/ruby/1.8/webrick/server.rb:162:in `start'
  /Users/bryan/.rvm/rubies/ruby-1.8.7-p249/lib/ruby/1.8/webrick/server.rb:162:in `start_thread'
  /Users/bryan/.rvm/rubies/ruby-1.8.7-p249/lib/ruby/1.8/webrick/server.rb:95:in `start'
  /Users/bryan/.rvm/rubies/ruby-1.8.7-p249/lib/ruby/1.8/webrick/server.rb:92:in `each'
  /Users/bryan/.rvm/rubies/ruby-1.8.7-p249/lib/ruby/1.8/webrick/server.rb:92:in `start'
  /Users/bryan/.rvm/rubies/ruby-1.8.7-p249/lib/ruby/1.8/webrick/server.rb:23:in `start'
  /Users/bryan/.rvm/rubies/ruby-1.8.7-p249/lib/ruby/1.8/webrick/server.rb:82:in `start'

Rendering rescues/layout (not_found)


Processing ArticlesController#show (for 127.0.0.1 at 2010-04-08 20:37:13) [GET]
  Parameters: {"id"=>"edit"}
  [4;36;1mArticle Load (0.4ms)[0m   [0;1mSELECT * FROM "articles" WHERE ("articles"."id" = 0) [0m

ActiveRecord::RecordNotFound (Couldn't find Article with ID=edit):
  app/controllers/articles_controller.rb:19:in `show'
  /Users/bryan/.rvm/rubies/ruby-1.8.7-p249/lib/ruby/1.8/webrick/httpserver.rb:104:in `service'
  /Users/bryan/.rvm/rubies/ruby-1.8.7-p249/lib/ruby/1.8/webrick/httpserver.rb:65:in `run'
  /Users/bryan/.rvm/rubies/ruby-1.8.7-p249/lib/ruby/1.8/webrick/server.rb:173:in `start_thread'
  /Users/bryan/.rvm/rubies/ruby-1.8.7-p249/lib/ruby/1.8/webrick/server.rb:162:in `start'
  /Users/bryan/.rvm/rubies/ruby-1.8.7-p249/lib/ruby/1.8/webrick/server.rb:162:in `start_thread'
  /Users/bryan/.rvm/rubies/ruby-1.8.7-p249/lib/ruby/1.8/webrick/server.rb:95:in `start'
  /Users/bryan/.rvm/rubies/ruby-1.8.7-p249/lib/ruby/1.8/webrick/server.rb:92:in `each'
  /Users/bryan/.rvm/rubies/ruby-1.8.7-p249/lib/ruby/1.8/webrick/server.rb:92:in `start'
  /Users/bryan/.rvm/rubies/ruby-1.8.7-p249/lib/ruby/1.8/webrick/server.rb:23:in `start'
  /Users/bryan/.rvm/rubies/ruby-1.8.7-p249/lib/ruby/1.8/webrick/server.rb:82:in `start'

Rendered rescues/_trace (77.0ms)
Rendered rescues/_request_and_response (1.1ms)
Rendering rescues/layout (not_found)


Processing ArticlesController#show (for 127.0.0.1 at 2010-04-08 20:42:29) [GET]
  Parameters: {"id"=>"edit"}
  [4;36;1mArticle Load (0.1ms)[0m   [0;1mSELECT * FROM "articles" WHERE ("articles"."id" = 0) [0m

ActiveRecord::RecordNotFound (Couldn't find Article with ID=edit):
  app/controllers/articles_controller.rb:19:in `show'
  /Users/bryan/.rvm/rubies/ruby-1.8.7-p249/lib/ruby/1.8/webrick/httpserver.rb:104:in `service'
  /Users/bryan/.rvm/rubies/ruby-1.8.7-p249/lib/ruby/1.8/webrick/httpserver.rb:65:in `run'
  /Users/bryan/.rvm/rubies/ruby-1.8.7-p249/lib/ruby/1.8/webrick/server.rb:173:in `start_thread'
  /Users/bryan/.rvm/rubies/ruby-1.8.7-p249/lib/ruby/1.8/webrick/server.rb:162:in `start'
  /Users/bryan/.rvm/rubies/ruby-1.8.7-p249/lib/ruby/1.8/webrick/server.rb:162:in `start_thread'
  /Users/bryan/.rvm/rubies/ruby-1.8.7-p249/lib/ruby/1.8/webrick/server.rb:95:in `start'
  /Users/bryan/.rvm/rubies/ruby-1.8.7-p249/lib/ruby/1.8/webrick/server.rb:92:in `each'
  /Users/bryan/.rvm/rubies/ruby-1.8.7-p249/lib/ruby/1.8/webrick/server.rb:92:in `start'
  /Users/bryan/.rvm/rubies/ruby-1.8.7-p249/lib/ruby/1.8/webrick/server.rb:23:in `start'
  /Users/bryan/.rvm/rubies/ruby-1.8.7-p249/lib/ruby/1.8/webrick/server.rb:82:in `start'

Rendered rescues/_trace (76.8ms)
Rendered rescues/_request_and_response (1.1ms)
Rendering rescues/layout (not_found)


Processing ArticlesController#new (for 127.0.0.1 at 2010-04-08 20:42:41) [GET]
Rendering template within layouts/articles
Rendering articles/new

ActionView::TemplateError (undefined method `partial' for #<ActionView::Base:0x1023854e8>) on line #1 of app/views/articles/new.html.erb:
1: <%= partial 'form', :object => @article %>

    app/views/articles/new.html.erb:1
    /Users/bryan/.rvm/rubies/ruby-1.8.7-p249/lib/ruby/1.8/webrick/httpserver.rb:104:in `service'
    /Users/bryan/.rvm/rubies/ruby-1.8.7-p249/lib/ruby/1.8/webrick/httpserver.rb:65:in `run'
    /Users/bryan/.rvm/rubies/ruby-1.8.7-p249/lib/ruby/1.8/webrick/server.rb:173:in `start_thread'
    /Users/bryan/.rvm/rubies/ruby-1.8.7-p249/lib/ruby/1.8/webrick/server.rb:162:in `start'
    /Users/bryan/.rvm/rubies/ruby-1.8.7-p249/lib/ruby/1.8/webrick/server.rb:162:in `start_thread'
    /Users/bryan/.rvm/rubies/ruby-1.8.7-p249/lib/ruby/1.8/webrick/server.rb:95:in `start'
    /Users/bryan/.rvm/rubies/ruby-1.8.7-p249/lib/ruby/1.8/webrick/server.rb:92:in `each'
    /Users/bryan/.rvm/rubies/ruby-1.8.7-p249/lib/ruby/1.8/webrick/server.rb:92:in `start'
    /Users/bryan/.rvm/rubies/ruby-1.8.7-p249/lib/ruby/1.8/webrick/server.rb:23:in `start'
    /Users/bryan/.rvm/rubies/ruby-1.8.7-p249/lib/ruby/1.8/webrick/server.rb:82:in `start'

Rendered rescues/_trace (42.2ms)
Rendered rescues/_request_and_response (0.3ms)
Rendering rescues/layout (internal_server_error)


Processing ArticlesController#new (for 127.0.0.1 at 2010-04-08 20:46:30) [GET]
Rendering template within layouts/articles
Rendering articles/new

ActionView::TemplateError (undefined local variable or method `partial' for #<ActionView::Base:0x1018ab8d8>) on line #1 of app/views/articles/new.html.erb:
1: <%= render partial => 'form', :object => @article %>

    app/views/articles/new.html.erb:1
    /Users/bryan/.rvm/rubies/ruby-1.8.7-p249/lib/ruby/1.8/webrick/httpserver.rb:104:in `service'
    /Users/bryan/.rvm/rubies/ruby-1.8.7-p249/lib/ruby/1.8/webrick/httpserver.rb:65:in `run'
    /Users/bryan/.rvm/rubies/ruby-1.8.7-p249/lib/ruby/1.8/webrick/server.rb:173:in `start_thread'
    /Users/bryan/.rvm/rubies/ruby-1.8.7-p249/lib/ruby/1.8/webrick/server.rb:162:in `start'
    /Users/bryan/.rvm/rubies/ruby-1.8.7-p249/lib/ruby/1.8/webrick/server.rb:162:in `start_thread'
    /Users/bryan/.rvm/rubies/ruby-1.8.7-p249/lib/ruby/1.8/webrick/server.rb:95:in `start'
    /Users/bryan/.rvm/rubies/ruby-1.8.7-p249/lib/ruby/1.8/webrick/server.rb:92:in `each'
    /Users/bryan/.rvm/rubies/ruby-1.8.7-p249/lib/ruby/1.8/webrick/server.rb:92:in `start'
    /Users/bryan/.rvm/rubies/ruby-1.8.7-p249/lib/ruby/1.8/webrick/server.rb:23:in `start'
    /Users/bryan/.rvm/rubies/ruby-1.8.7-p249/lib/ruby/1.8/webrick/server.rb:82:in `start'

Rendered rescues/_trace (81.0ms)
Rendered rescues/_request_and_response (1.0ms)
Rendering rescues/layout (internal_server_error)


Processing ArticlesController#new (for 127.0.0.1 at 2010-04-08 20:46:50) [GET]
Rendering template within layouts/articles
Rendering articles/new

ActionView::TemplateError (undefined local variable or method `partial' for #<ActionView::Base:0x1018aabe0>) on line #1 of app/views/articles/new.html.erb:
1: <%= render partial => 'form', :object => @article %>

    app/views/articles/new.html.erb:1
    /Users/bryan/.rvm/rubies/ruby-1.8.7-p249/lib/ruby/1.8/webrick/httpserver.rb:104:in `service'
    /Users/bryan/.rvm/rubies/ruby-1.8.7-p249/lib/ruby/1.8/webrick/httpserver.rb:65:in `run'
    /Users/bryan/.rvm/rubies/ruby-1.8.7-p249/lib/ruby/1.8/webrick/server.rb:173:in `start_thread'
    /Users/bryan/.rvm/rubies/ruby-1.8.7-p249/lib/ruby/1.8/webrick/server.rb:162:in `start'
    /Users/bryan/.rvm/rubies/ruby-1.8.7-p249/lib/ruby/1.8/webrick/server.rb:162:in `start_thread'
    /Users/bryan/.rvm/rubies/ruby-1.8.7-p249/lib/ruby/1.8/webrick/server.rb:95:in `start'
    /Users/bryan/.rvm/rubies/ruby-1.8.7-p249/lib/ruby/1.8/webrick/server.rb:92:in `each'
    /Users/bryan/.rvm/rubies/ruby-1.8.7-p249/lib/ruby/1.8/webrick/server.rb:92:in `start'
    /Users/bryan/.rvm/rubies/ruby-1.8.7-p249/lib/ruby/1.8/webrick/server.rb:23:in `start'
    /Users/bryan/.rvm/rubies/ruby-1.8.7-p249/lib/ruby/1.8/webrick/server.rb:82:in `start'

Rendered rescues/_trace (81.2ms)
Rendered rescues/_request_and_response (1.0ms)
Rendering rescues/layout (internal_server_error)


Processing ArticlesController#new (for 127.0.0.1 at 2010-04-08 20:47:17) [GET]
Rendering template within layouts/articles
Rendering articles/new
Rendered articles/_form (13.6ms)
Completed in 29ms (View: 25, DB: 0) | 200 OK [http://localhost/articles/new]


Processing ArticlesController#index (for 127.0.0.1 at 2010-04-08 20:48:27) [GET]

ActionController::UnknownAction (No action responded to index. Actions: create, edit, new, and show):
  /Users/bryan/.rvm/rubies/ruby-1.8.7-p249/lib/ruby/1.8/webrick/httpserver.rb:104:in `service'
  /Users/bryan/.rvm/rubies/ruby-1.8.7-p249/lib/ruby/1.8/webrick/httpserver.rb:65:in `run'
  /Users/bryan/.rvm/rubies/ruby-1.8.7-p249/lib/ruby/1.8/webrick/server.rb:173:in `start_thread'
  /Users/bryan/.rvm/rubies/ruby-1.8.7-p249/lib/ruby/1.8/webrick/server.rb:162:in `start'
  /Users/bryan/.rvm/rubies/ruby-1.8.7-p249/lib/ruby/1.8/webrick/server.rb:162:in `start_thread'
  /Users/bryan/.rvm/rubies/ruby-1.8.7-p249/lib/ruby/1.8/webrick/server.rb:95:in `start'
  /Users/bryan/.rvm/rubies/ruby-1.8.7-p249/lib/ruby/1.8/webrick/server.rb:92:in `each'
  /Users/bryan/.rvm/rubies/ruby-1.8.7-p249/lib/ruby/1.8/webrick/server.rb:92:in `start'
  /Users/bryan/.rvm/rubies/ruby-1.8.7-p249/lib/ruby/1.8/webrick/server.rb:23:in `start'
  /Users/bryan/.rvm/rubies/ruby-1.8.7-p249/lib/ruby/1.8/webrick/server.rb:82:in `start'

Rendering rescues/layout (not_found)


Processing ApplicationController#index (for 127.0.0.1 at 2010-04-08 20:48:37) [GET]

ActionController::RoutingError (No route matches "/article/1" with {:method=>:get}):
  /Users/bryan/.rvm/rubies/ruby-1.8.7-p249/lib/ruby/1.8/webrick/httpserver.rb:104:in `service'
  /Users/bryan/.rvm/rubies/ruby-1.8.7-p249/lib/ruby/1.8/webrick/httpserver.rb:65:in `run'
  /Users/bryan/.rvm/rubies/ruby-1.8.7-p249/lib/ruby/1.8/webrick/server.rb:173:in `start_thread'
  /Users/bryan/.rvm/rubies/ruby-1.8.7-p249/lib/ruby/1.8/webrick/server.rb:162:in `start'
  /Users/bryan/.rvm/rubies/ruby-1.8.7-p249/lib/ruby/1.8/webrick/server.rb:162:in `start_thread'
  /Users/bryan/.rvm/rubies/ruby-1.8.7-p249/lib/ruby/1.8/webrick/server.rb:95:in `start'
  /Users/bryan/.rvm/rubies/ruby-1.8.7-p249/lib/ruby/1.8/webrick/server.rb:92:in `each'
  /Users/bryan/.rvm/rubies/ruby-1.8.7-p249/lib/ruby/1.8/webrick/server.rb:92:in `start'
  /Users/bryan/.rvm/rubies/ruby-1.8.7-p249/lib/ruby/1.8/webrick/server.rb:23:in `start'
  /Users/bryan/.rvm/rubies/ruby-1.8.7-p249/lib/ruby/1.8/webrick/server.rb:82:in `start'

Rendering rescues/layout (not_found)


Processing ApplicationController#index (for 127.0.0.1 at 2010-04-08 20:48:43) [GET]

ActionController::RoutingError (No route matches "/edit/1" with {:method=>:get}):
  /Users/bryan/.rvm/rubies/ruby-1.8.7-p249/lib/ruby/1.8/webrick/httpserver.rb:104:in `service'
  /Users/bryan/.rvm/rubies/ruby-1.8.7-p249/lib/ruby/1.8/webrick/httpserver.rb:65:in `run'
  /Users/bryan/.rvm/rubies/ruby-1.8.7-p249/lib/ruby/1.8/webrick/server.rb:173:in `start_thread'
  /Users/bryan/.rvm/rubies/ruby-1.8.7-p249/lib/ruby/1.8/webrick/server.rb:162:in `start'
  /Users/bryan/.rvm/rubies/ruby-1.8.7-p249/lib/ruby/1.8/webrick/server.rb:162:in `start_thread'
  /Users/bryan/.rvm/rubies/ruby-1.8.7-p249/lib/ruby/1.8/webrick/server.rb:95:in `start'
  /Users/bryan/.rvm/rubies/ruby-1.8.7-p249/lib/ruby/1.8/webrick/server.rb:92:in `each'
  /Users/bryan/.rvm/rubies/ruby-1.8.7-p249/lib/ruby/1.8/webrick/server.rb:92:in `start'
  /Users/bryan/.rvm/rubies/ruby-1.8.7-p249/lib/ruby/1.8/webrick/server.rb:23:in `start'
  /Users/bryan/.rvm/rubies/ruby-1.8.7-p249/lib/ruby/1.8/webrick/server.rb:82:in `start'

Rendering rescues/layout (not_found)


Processing ArticlesController#edit (for 127.0.0.1 at 2010-04-08 20:48:58) [GET]
  Parameters: {"id"=>"1"}
  [4;36;1mArticle Load (0.1ms)[0m   [0;1mSELECT * FROM "articles" WHERE ("articles"."id" = 1) [0m

ActiveRecord::RecordNotFound (Couldn't find Article with ID=1):
  app/controllers/articles_controller.rb:23:in `edit'
  /Users/bryan/.rvm/rubies/ruby-1.8.7-p249/lib/ruby/1.8/webrick/httpserver.rb:104:in `service'
  /Users/bryan/.rvm/rubies/ruby-1.8.7-p249/lib/ruby/1.8/webrick/httpserver.rb:65:in `run'
  /Users/bryan/.rvm/rubies/ruby-1.8.7-p249/lib/ruby/1.8/webrick/server.rb:173:in `start_thread'
  /Users/bryan/.rvm/rubies/ruby-1.8.7-p249/lib/ruby/1.8/webrick/server.rb:162:in `start'
  /Users/bryan/.rvm/rubies/ruby-1.8.7-p249/lib/ruby/1.8/webrick/server.rb:162:in `start_thread'
  /Users/bryan/.rvm/rubies/ruby-1.8.7-p249/lib/ruby/1.8/webrick/server.rb:95:in `start'
  /Users/bryan/.rvm/rubies/ruby-1.8.7-p249/lib/ruby/1.8/webrick/server.rb:92:in `each'
  /Users/bryan/.rvm/rubies/ruby-1.8.7-p249/lib/ruby/1.8/webrick/server.rb:92:in `start'
  /Users/bryan/.rvm/rubies/ruby-1.8.7-p249/lib/ruby/1.8/webrick/server.rb:23:in `start'
  /Users/bryan/.rvm/rubies/ruby-1.8.7-p249/lib/ruby/1.8/webrick/server.rb:82:in `start'

Rendered rescues/_trace (34.0ms)
Rendered rescues/_request_and_response (1.4ms)
Rendering rescues/layout (not_found)


Processing ArticlesController#edit (for 127.0.0.1 at 2010-04-08 20:49:04) [GET]
  Parameters: {"id"=>"2"}
  [4;35;1mArticle Load (0.1ms)[0m   [0mSELECT * FROM "articles" WHERE ("articles"."id" = 2) [0m

ActiveRecord::RecordNotFound (Couldn't find Article with ID=2):
  app/controllers/articles_controller.rb:23:in `edit'
  /Users/bryan/.rvm/rubies/ruby-1.8.7-p249/lib/ruby/1.8/webrick/httpserver.rb:104:in `service'
  /Users/bryan/.rvm/rubies/ruby-1.8.7-p249/lib/ruby/1.8/webrick/httpserver.rb:65:in `run'
  /Users/bryan/.rvm/rubies/ruby-1.8.7-p249/lib/ruby/1.8/webrick/server.rb:173:in `start_thread'
  /Users/bryan/.rvm/rubies/ruby-1.8.7-p249/lib/ruby/1.8/webrick/server.rb:162:in `start'
  /Users/bryan/.rvm/rubies/ruby-1.8.7-p249/lib/ruby/1.8/webrick/server.rb:162:in `start_thread'
  /Users/bryan/.rvm/rubies/ruby-1.8.7-p249/lib/ruby/1.8/webrick/server.rb:95:in `start'
  /Users/bryan/.rvm/rubies/ruby-1.8.7-p249/lib/ruby/1.8/webrick/server.rb:92:in `each'
  /Users/bryan/.rvm/rubies/ruby-1.8.7-p249/lib/ruby/1.8/webrick/server.rb:92:in `start'
  /Users/bryan/.rvm/rubies/ruby-1.8.7-p249/lib/ruby/1.8/webrick/server.rb:23:in `start'
  /Users/bryan/.rvm/rubies/ruby-1.8.7-p249/lib/ruby/1.8/webrick/server.rb:82:in `start'

Rendered rescues/_trace (35.7ms)
Rendered rescues/_request_and_response (0.3ms)
Rendering rescues/layout (not_found)


Processing ArticlesController#edit (for 127.0.0.1 at 2010-04-08 20:49:07) [GET]
  Parameters: {"id"=>"3"}
  [4;36;1mArticle Load (0.1ms)[0m   [0;1mSELECT * FROM "articles" WHERE ("articles"."id" = 3) [0m

ActiveRecord::RecordNotFound (Couldn't find Article with ID=3):
  app/controllers/articles_controller.rb:23:in `edit'
  /Users/bryan/.rvm/rubies/ruby-1.8.7-p249/lib/ruby/1.8/webrick/httpserver.rb:104:in `service'
  /Users/bryan/.rvm/rubies/ruby-1.8.7-p249/lib/ruby/1.8/webrick/httpserver.rb:65:in `run'
  /Users/bryan/.rvm/rubies/ruby-1.8.7-p249/lib/ruby/1.8/webrick/server.rb:173:in `start_thread'
  /Users/bryan/.rvm/rubies/ruby-1.8.7-p249/lib/ruby/1.8/webrick/server.rb:162:in `start'
  /Users/bryan/.rvm/rubies/ruby-1.8.7-p249/lib/ruby/1.8/webrick/server.rb:162:in `start_thread'
  /Users/bryan/.rvm/rubies/ruby-1.8.7-p249/lib/ruby/1.8/webrick/server.rb:95:in `start'
  /Users/bryan/.rvm/rubies/ruby-1.8.7-p249/lib/ruby/1.8/webrick/server.rb:92:in `each'
  /Users/bryan/.rvm/rubies/ruby-1.8.7-p249/lib/ruby/1.8/webrick/server.rb:92:in `start'
  /Users/bryan/.rvm/rubies/ruby-1.8.7-p249/lib/ruby/1.8/webrick/server.rb:23:in `start'
  /Users/bryan/.rvm/rubies/ruby-1.8.7-p249/lib/ruby/1.8/webrick/server.rb:82:in `start'

Rendered rescues/_trace (32.5ms)
Rendered rescues/_request_and_response (0.3ms)
Rendering rescues/layout (not_found)


Processing ArticlesController#edit (for 127.0.0.1 at 2010-04-08 20:49:17) [GET]
  Parameters: {"id"=>"0"}
  [4;35;1mArticle Load (0.1ms)[0m   [0mSELECT * FROM "articles" WHERE ("articles"."id" = 0) [0m

ActiveRecord::RecordNotFound (Couldn't find Article with ID=0):
  app/controllers/articles_controller.rb:23:in `edit'
  /Users/bryan/.rvm/rubies/ruby-1.8.7-p249/lib/ruby/1.8/webrick/httpserver.rb:104:in `service'
  /Users/bryan/.rvm/rubies/ruby-1.8.7-p249/lib/ruby/1.8/webrick/httpserver.rb:65:in `run'
  /Users/bryan/.rvm/rubies/ruby-1.8.7-p249/lib/ruby/1.8/webrick/server.rb:173:in `start_thread'
  /Users/bryan/.rvm/rubies/ruby-1.8.7-p249/lib/ruby/1.8/webrick/server.rb:162:in `start'
  /Users/bryan/.rvm/rubies/ruby-1.8.7-p249/lib/ruby/1.8/webrick/server.rb:162:in `start_thread'
  /Users/bryan/.rvm/rubies/ruby-1.8.7-p249/lib/ruby/1.8/webrick/server.rb:95:in `start'
  /Users/bryan/.rvm/rubies/ruby-1.8.7-p249/lib/ruby/1.8/webrick/server.rb:92:in `each'
  /Users/bryan/.rvm/rubies/ruby-1.8.7-p249/lib/ruby/1.8/webrick/server.rb:92:in `start'
  /Users/bryan/.rvm/rubies/ruby-1.8.7-p249/lib/ruby/1.8/webrick/server.rb:23:in `start'
  /Users/bryan/.rvm/rubies/ruby-1.8.7-p249/lib/ruby/1.8/webrick/server.rb:82:in `start'

Rendered rescues/_trace (34.2ms)
Rendered rescues/_request_and_response (0.3ms)
Rendering rescues/layout (not_found)


Processing ApplicationController#index (for 127.0.0.1 at 2010-04-08 20:50:04) [GET]

ActionController::RoutingError (No route matches "/article/edit/1" with {:method=>:get}):
  /Users/bryan/.rvm/rubies/ruby-1.8.7-p249/lib/ruby/1.8/webrick/httpserver.rb:104:in `service'
  /Users/bryan/.rvm/rubies/ruby-1.8.7-p249/lib/ruby/1.8/webrick/httpserver.rb:65:in `run'
  /Users/bryan/.rvm/rubies/ruby-1.8.7-p249/lib/ruby/1.8/webrick/server.rb:173:in `start_thread'
  /Users/bryan/.rvm/rubies/ruby-1.8.7-p249/lib/ruby/1.8/webrick/server.rb:162:in `start'
  /Users/bryan/.rvm/rubies/ruby-1.8.7-p249/lib/ruby/1.8/webrick/server.rb:162:in `start_thread'
  /Users/bryan/.rvm/rubies/ruby-1.8.7-p249/lib/ruby/1.8/webrick/server.rb:95:in `start'
  /Users/bryan/.rvm/rubies/ruby-1.8.7-p249/lib/ruby/1.8/webrick/server.rb:92:in `each'
  /Users/bryan/.rvm/rubies/ruby-1.8.7-p249/lib/ruby/1.8/webrick/server.rb:92:in `start'
  /Users/bryan/.rvm/rubies/ruby-1.8.7-p249/lib/ruby/1.8/webrick/server.rb:23:in `start'
  /Users/bryan/.rvm/rubies/ruby-1.8.7-p249/lib/ruby/1.8/webrick/server.rb:82:in `start'

Rendering rescues/layout (not_found)


Processing ApplicationController#index (for 127.0.0.1 at 2010-04-08 20:50:17) [GET]

ActionController::RoutingError (No route matches "/article/1/edit" with {:method=>:get}):
  /Users/bryan/.rvm/rubies/ruby-1.8.7-p249/lib/ruby/1.8/webrick/httpserver.rb:104:in `service'
  /Users/bryan/.rvm/rubies/ruby-1.8.7-p249/lib/ruby/1.8/webrick/httpserver.rb:65:in `run'
  /Users/bryan/.rvm/rubies/ruby-1.8.7-p249/lib/ruby/1.8/webrick/server.rb:173:in `start_thread'
  /Users/bryan/.rvm/rubies/ruby-1.8.7-p249/lib/ruby/1.8/webrick/server.rb:162:in `start'
  /Users/bryan/.rvm/rubies/ruby-1.8.7-p249/lib/ruby/1.8/webrick/server.rb:162:in `start_thread'
  /Users/bryan/.rvm/rubies/ruby-1.8.7-p249/lib/ruby/1.8/webrick/server.rb:95:in `start'
  /Users/bryan/.rvm/rubies/ruby-1.8.7-p249/lib/ruby/1.8/webrick/server.rb:92:in `each'
  /Users/bryan/.rvm/rubies/ruby-1.8.7-p249/lib/ruby/1.8/webrick/server.rb:92:in `start'
  /Users/bryan/.rvm/rubies/ruby-1.8.7-p249/lib/ruby/1.8/webrick/server.rb:23:in `start'
  /Users/bryan/.rvm/rubies/ruby-1.8.7-p249/lib/ruby/1.8/webrick/server.rb:82:in `start'

Rendering rescues/layout (not_found)


Processing ArticlesController#edit (for 127.0.0.1 at 2010-04-08 20:50:24) [GET]
  Parameters: {"id"=>"1"}
  [4;36;1mArticle Load (0.1ms)[0m   [0;1mSELECT * FROM "articles" WHERE ("articles"."id" = 1) [0m

ActiveRecord::RecordNotFound (Couldn't find Article with ID=1):
  app/controllers/articles_controller.rb:23:in `edit'
  /Users/bryan/.rvm/rubies/ruby-1.8.7-p249/lib/ruby/1.8/webrick/httpserver.rb:104:in `service'
  /Users/bryan/.rvm/rubies/ruby-1.8.7-p249/lib/ruby/1.8/webrick/httpserver.rb:65:in `run'
  /Users/bryan/.rvm/rubies/ruby-1.8.7-p249/lib/ruby/1.8/webrick/server.rb:173:in `start_thread'
  /Users/bryan/.rvm/rubies/ruby-1.8.7-p249/lib/ruby/1.8/webrick/server.rb:162:in `start'
  /Users/bryan/.rvm/rubies/ruby-1.8.7-p249/lib/ruby/1.8/webrick/server.rb:162:in `start_thread'
  /Users/bryan/.rvm/rubies/ruby-1.8.7-p249/lib/ruby/1.8/webrick/server.rb:95:in `start'
  /Users/bryan/.rvm/rubies/ruby-1.8.7-p249/lib/ruby/1.8/webrick/server.rb:92:in `each'
  /Users/bryan/.rvm/rubies/ruby-1.8.7-p249/lib/ruby/1.8/webrick/server.rb:92:in `start'
  /Users/bryan/.rvm/rubies/ruby-1.8.7-p249/lib/ruby/1.8/webrick/server.rb:23:in `start'
  /Users/bryan/.rvm/rubies/ruby-1.8.7-p249/lib/ruby/1.8/webrick/server.rb:82:in `start'

Rendered rescues/_trace (72.6ms)
Rendered rescues/_request_and_response (1.1ms)
Rendering rescues/layout (not_found)


Processing ArticlesController#new (for 127.0.0.1 at 2010-04-08 20:50:35) [GET]
Rendering template within layouts/articles
Rendering articles/new
Rendered articles/_form (10.4ms)
Completed in 24ms (View: 21, DB: 0) | 200 OK [http://localhost/articles/new]


Processing ArticlesController#create (for 127.0.0.1 at 2010-04-08 20:50:42) [POST]
  Parameters: {"article"=>{"title"=>"test name"}, "commit"=>"Create", "authenticity_token"=>"2nddtKXMVGuGJZrbG5UeLhlMpFQ2g1Bwmt1U9Z21FJM="}
  [4;35;1mArticle Create (55.3ms)[0m   [0mINSERT INTO "articles" ("created_at", "title", "body", "updated_at") VALUES('2010-04-09 01:50:42', 'test name', NULL, '2010-04-09 01:50:42')[0m
Redirected to http://localhost:3000/articles/1
Completed in 66ms (DB: 55) | 302 Found [http://localhost/articles]


Processing ArticlesController#show (for 127.0.0.1 at 2010-04-08 20:50:42) [GET]
  Parameters: {"id"=>"1"}
  [4;36;1mArticle Load (0.2ms)[0m   [0;1mSELECT * FROM "articles" WHERE ("articles"."id" = 1) [0m
Rendering template within layouts/articles
Rendering articles/show
Completed in 9ms (View: 5, DB: 0) | 200 OK [http://localhost/articles/1]


Processing ArticlesController#edit (for 127.0.0.1 at 2010-04-08 20:50:48) [GET]
  Parameters: {"id"=>"1"}
  [4;35;1mArticle Load (0.2ms)[0m   [0mSELECT * FROM "articles" WHERE ("articles"."id" = 1) [0m
Rendering template within layouts/articles
Rendering articles/edit
Rendered articles/_form (3.1ms)
Completed in 11ms (View: 7, DB: 0) | 200 OK [http://localhost/articles/1/edit]


Processing ArticlesController#edit (for 127.0.0.1 at 2010-04-08 21:19:22) [GET]
  Parameters: {"id"=>"1"}
  [4;36;1mArticle Load (0.2ms)[0m   [0;1mSELECT * FROM "articles" WHERE ("articles"."id" = 1) [0m
Rendering template within layouts/articles
Rendering articles/edit
Rendered articles/_form (11.4ms)
Completed in 27ms (View: 23, DB: 0) | 200 OK [http://localhost/articles/1/edit]


Processing ArticlesController#edit (for 127.0.0.1 at 2010-04-08 21:19:25) [GET]
  Parameters: {"id"=>"1"}
  [4;35;1mArticle Load (0.2ms)[0m   [0mSELECT * FROM "articles" WHERE ("articles"."id" = 1) [0m
Rendering template within layouts/articles
Rendering articles/edit
Rendered articles/_form (43.5ms)
Completed in 49ms (View: 45, DB: 0) | 200 OK [http://localhost/articles/1/edit]


Processing ArticlesController#edit (for 127.0.0.1 at 2010-04-08 21:19:50) [GET]
  Parameters: {"id"=>"1"}
  [4;36;1mArticle Load (0.2ms)[0m   [0;1mSELECT * FROM "articles" WHERE ("articles"."id" = 1) [0m
Rendering template within layouts/articles
Rendering articles/edit
Rendered articles/_form (10.9ms)
Completed in 27ms (View: 23, DB: 0) | 200 OK [http://localhost/articles/1/edit]


Processing ArticlesController#edit (for 127.0.0.1 at 2010-04-08 21:19:53) [GET]
  Parameters: {"id"=>"1"}
  [4;35;1mArticle Load (0.2ms)[0m   [0mSELECT * FROM "articles" WHERE ("articles"."id" = 1) [0m
Rendering template within layouts/articles
Rendering articles/edit
Rendered articles/_form (2.7ms)
Completed in 52ms (View: 47, DB: 0) | 200 OK [http://localhost/articles/1/edit]


Processing ArticlesController#edit (for 127.0.0.1 at 2010-04-08 21:19:54) [GET]
  Parameters: {"id"=>"1"}
  [4;36;1mArticle Load (0.2ms)[0m   [0;1mSELECT * FROM "articles" WHERE ("articles"."id" = 1) [0m
Rendering template within layouts/articles
Rendering articles/edit
Rendered articles/_form (2.7ms)
Completed in 8ms (View: 4, DB: 0) | 200 OK [http://localhost/articles/1/edit]
  [4;36;1mSQL (0.7ms)[0m   [0;1m SELECT name
 FROM sqlite_master
 WHERE type = 'table' AND NOT name = 'sqlite_sequence'
[0m
  [4;35;1mSQL (0.2ms)[0m   [0mSELECT version FROM schema_migrations[0m
Migrating to CreateArticles (20100408185354)
Migrating to AddPublishedToArticles (20100409150211)
  [4;36;1mSQL (0.1ms)[0m   [0;1mselect sqlite_version(*)[0m
  [4;35;1mSQL (0.5ms)[0m   [0mALTER TABLE "articles" ADD "published" boolean[0m
  [4;36;1mSQL (1.2ms)[0m   [0;1mINSERT INTO schema_migrations (version) VALUES ('20100409150211')[0m
  [4;35;1mSQL (0.4ms)[0m   [0m SELECT name
 FROM sqlite_master
 WHERE type = 'table' AND NOT name = 'sqlite_sequence'
[0m
  [4;36;1mSQL (0.1ms)[0m   [0;1mSELECT version FROM schema_migrations[0m
  [4;35;1mSQL (0.3ms)[0m   [0m SELECT name
 FROM sqlite_master
 WHERE type = 'table' AND NOT name = 'sqlite_sequence'
[0m
  [4;36;1mSQL (0.0ms)[0m   [0;1mPRAGMA index_list("articles")[0m
  [4;36;1mSQL (0.4ms)[0m   [0;1m SELECT name
 FROM sqlite_master
 WHERE type = 'table' AND NOT name = 'sqlite_sequence'
[0m
  [4;35;1mSQL (0.1ms)[0m   [0mSELECT version FROM schema_migrations[0m
  [4;36;1mSQL (0.1ms)[0m   [0;1m SELECT name
 FROM sqlite_master
 WHERE type = 'table' AND NOT name = 'sqlite_sequence'
[0m
  [4;35;1mSQL (0.1ms)[0m   [0mSELECT version FROM schema_migrations[0m
Migrating to AddPublishedToArticles (20100409150211)
  [4;36;1mSQL (0.1ms)[0m   [0;1mselect sqlite_version(*)[0m
  [4;36;1mSQL (0.4ms)[0m   [0;1m SELECT name
 FROM sqlite_master
 WHERE type = 'table' AND NOT name = 'sqlite_sequence'
[0m
  [4;35;1mSQL (0.1ms)[0m   [0mSELECT version FROM schema_migrations[0m
  [4;36;1mSQL (0.1ms)[0m   [0;1m SELECT name
 FROM sqlite_master
 WHERE type = 'table' AND NOT name = 'sqlite_sequence'
[0m
  [4;35;1mSQL (0.1ms)[0m   [0mSELECT version FROM schema_migrations[0m
Migrating to AddPublishedToArticles (20100409150211)
  [4;36;1mSQL (0.1ms)[0m   [0;1mselect sqlite_version(*)[0m
  [4;35;1mSQL (0.5ms)[0m   [0mCREATE TEMPORARY TABLE "altered_articles" ("id" INTEGER PRIMARY KEY AUTOINCREMENT NOT NULL, "title" varchar(255), "body" text, "created_at" datetime, "updated_at" datetime, "published" boolean) [0m
  [4;36;1mSQL (0.0ms)[0m   [0;1mPRAGMA index_list("articles")[0m
  [4;35;1mSQL (0.5ms)[0m   [0mDROP TABLE "articles"[0m
  [4;36;1mSQL (0.1ms)[0m   [0;1mCREATE TABLE "articles" ("id" INTEGER PRIMARY KEY AUTOINCREMENT NOT NULL, "title" varchar(255), "body" text, "created_at" datetime, "updated_at" datetime) [0m
  [4;35;1mSQL (0.0ms)[0m   [0mPRAGMA index_list("altered_articles")[0m
  [4;36;1mSQL (0.3ms)[0m   [0;1mDROP TABLE "altered_articles"[0m
  [4;35;1mSQL (0.1ms)[0m   [0mDELETE FROM schema_migrations WHERE version = '20100409150211'[0m
  [4;36;1mSQL (0.2ms)[0m   [0;1m SELECT name
 FROM sqlite_master
 WHERE type = 'table' AND NOT name = 'sqlite_sequence'
[0m
  [4;35;1mSQL (0.1ms)[0m   [0mSELECT version FROM schema_migrations[0m
  [4;36;1mSQL (0.1ms)[0m   [0;1m SELECT name
 FROM sqlite_master
 WHERE type = 'table' AND NOT name = 'sqlite_sequence'
[0m
  [4;35;1mSQL (0.0ms)[0m   [0mPRAGMA index_list("articles")[0m
  [4;36;1mSQL (0.1ms)[0m   [0;1m SELECT name
 FROM sqlite_master
 WHERE type = 'table' AND NOT name = 'sqlite_sequence'
[0m
  [4;35;1mSQL (0.1ms)[0m   [0mSELECT version FROM schema_migrations[0m
Migrating to CreateArticles (20100408185354)
Migrating to AddPublishedToArticles (20100409150211)
  [4;36;1mSQL (0.3ms)[0m   [0;1mALTER TABLE "articles" ADD "published" boolean DEFAULT 'f'[0m
  [4;35;1mSQL (0.1ms)[0m   [0mINSERT INTO schema_migrations (version) VALUES ('20100409150211')[0m
  [4;36;1mSQL (0.3ms)[0m   [0;1m SELECT name
 FROM sqlite_master
 WHERE type = 'table' AND NOT name = 'sqlite_sequence'
[0m
  [4;35;1mSQL (0.1ms)[0m   [0mSELECT version FROM schema_migrations[0m
  [4;36;1mSQL (0.1ms)[0m   [0;1m SELECT name
 FROM sqlite_master
 WHERE type = 'table' AND NOT name = 'sqlite_sequence'
[0m
  [4;35;1mSQL (0.0ms)[0m   [0mPRAGMA index_list("articles")[0m


Processing ArticlesController#index (for 127.0.0.1 at 2010-04-09 10:31:18) [GET]
  [4;36;1mArticle Load (0.5ms)[0m   [0;1mSELECT * FROM "articles" [0m
Rendering template within layouts/articles
Rendering articles/index
Completed in 18ms (View: 15, DB: 1) | 200 OK [http://localhost/articles]


Processing ArticlesController#new (for 127.0.0.1 at 2010-04-09 10:31:27) [GET]
Rendering template within layouts/articles
Rendering articles/new
Rendered articles/_form (36.8ms)
Completed in 89ms (View: 85, DB: 0) | 200 OK [http://localhost/articles/new]


Processing ArticlesController#index (for 127.0.0.1 at 2010-04-09 10:31:47) [GET]
  [4;35;1mArticle Load (0.4ms)[0m   [0mSELECT * FROM "articles" [0m
Rendering template within layouts/articles
Rendering articles/index
Completed in 6ms (View: 3, DB: 0) | 200 OK [http://localhost/articles]
  [4;36;1mSQL (0.4ms)[0m   [0;1m SELECT name
 FROM sqlite_master
 WHERE type = 'table' AND NOT name = 'sqlite_sequence'
[0m
  [4;35;1mSQL (0.1ms)[0m   [0mSELECT version FROM schema_migrations[0m
  [4;36;1mSQL (0.1ms)[0m   [0;1mselect sqlite_version(*)[0m
  [4;35;1mSQL (0.2ms)[0m   [0m SELECT name
 FROM sqlite_master
 WHERE type = 'table' AND NOT name = 'sqlite_sequence'
[0m
  [4;36;1mSQL (2.5ms)[0m   [0;1mCREATE TABLE "articles" ("id" INTEGER PRIMARY KEY AUTOINCREMENT NOT NULL, "title" varchar(255), "body" text, "created_at" datetime, "updated_at" datetime, "published" boolean DEFAULT 'f') [0m
  [4;35;1mSQL (0.4ms)[0m   [0m SELECT name
 FROM sqlite_master
 WHERE type = 'table' AND NOT name = 'sqlite_sequence'
[0m
  [4;36;1mSQL (2.2ms)[0m   [0;1mCREATE TABLE "schema_migrations" ("version" varchar(255) NOT NULL) [0m
  [4;35;1mSQL (2.7ms)[0m   [0mCREATE UNIQUE INDEX "unique_schema_migrations" ON "schema_migrations" ("version")[0m
  [4;36;1mSQL (0.4ms)[0m   [0;1m SELECT name
 FROM sqlite_master
 WHERE type = 'table' AND NOT name = 'sqlite_sequence'
[0m
  [4;35;1mSQL (0.2ms)[0m   [0mSELECT version FROM "schema_migrations"[0m
  [4;36;1mSQL (1.8ms)[0m   [0;1mINSERT INTO "schema_migrations" (version) VALUES ('20100409150211')[0m
  [4;35;1mSQL (2.1ms)[0m   [0mINSERT INTO "schema_migrations" (version) VALUES ('20100408185354')[0m
  [4;36;1mSQL (0.4ms)[0m   [0;1m SELECT name
 FROM sqlite_master
 WHERE type = 'table' AND NOT name = 'sqlite_sequence'
[0m
  [4;35;1mSQL (0.1ms)[0m   [0mSELECT version FROM schema_migrations[0m
  [4;36;1mSQL (0.1ms)[0m   [0;1mselect sqlite_version(*)[0m
  [4;35;1mSQL (0.1ms)[0m   [0m SELECT name
 FROM sqlite_master
 WHERE type = 'table' AND NOT name = 'sqlite_sequence'
[0m
  [4;36;1mSQL (48.4ms)[0m   [0;1mCREATE TABLE "articles" ("id" INTEGER PRIMARY KEY AUTOINCREMENT NOT NULL, "title" varchar(255), "body" text, "created_at" datetime, "updated_at" datetime, "published" boolean DEFAULT 'f') [0m
  [4;35;1mSQL (0.4ms)[0m   [0m SELECT name
 FROM sqlite_master
 WHERE type = 'table' AND NOT name = 'sqlite_sequence'
[0m
  [4;36;1mSQL (2.6ms)[0m   [0;1mCREATE TABLE "schema_migrations" ("version" varchar(255) NOT NULL) [0m
  [4;35;1mSQL (3.3ms)[0m   [0mCREATE UNIQUE INDEX "unique_schema_migrations" ON "schema_migrations" ("version")[0m
  [4;36;1mSQL (0.4ms)[0m   [0;1m SELECT name
 FROM sqlite_master
 WHERE type = 'table' AND NOT name = 'sqlite_sequence'
[0m
  [4;35;1mSQL (0.1ms)[0m   [0mSELECT version FROM "schema_migrations"[0m
  [4;36;1mSQL (2.9ms)[0m   [0;1mINSERT INTO "schema_migrations" (version) VALUES ('20100409150211')[0m
  [4;35;1mSQL (2.9ms)[0m   [0mINSERT INTO "schema_migrations" (version) VALUES ('20100408185354')[0m
  [4;36;1mSQL (0.4ms)[0m   [0;1m SELECT name
 FROM sqlite_master
 WHERE type = 'table' AND NOT name = 'sqlite_sequence'
[0m
  [4;35;1mSQL (0.1ms)[0m   [0mSELECT version FROM schema_migrations[0m
  [4;36;1mSQL (0.1ms)[0m   [0;1mselect sqlite_version(*)[0m
  [4;35;1mSQL (0.1ms)[0m   [0m SELECT name
 FROM sqlite_master
 WHERE type = 'table' AND NOT name = 'sqlite_sequence'
[0m
  [4;36;1mSQL (46.9ms)[0m   [0;1mCREATE TABLE "articles" ("id" INTEGER PRIMARY KEY AUTOINCREMENT NOT NULL, "title" varchar(255), "body" text, "created_at" datetime, "updated_at" datetime, "published" boolean DEFAULT 'f') [0m
  [4;35;1mSQL (0.5ms)[0m   [0m SELECT name
 FROM sqlite_master
 WHERE type = 'table' AND NOT name = 'sqlite_sequence'
[0m
  [4;36;1mSQL (2.3ms)[0m   [0;1mCREATE TABLE "schema_migrations" ("version" varchar(255) NOT NULL) [0m
  [4;35;1mSQL (3.1ms)[0m   [0mCREATE UNIQUE INDEX "unique_schema_migrations" ON "schema_migrations" ("version")[0m
  [4;36;1mSQL (0.4ms)[0m   [0;1m SELECT name
 FROM sqlite_master
 WHERE type = 'table' AND NOT name = 'sqlite_sequence'
[0m
  [4;35;1mSQL (0.2ms)[0m   [0mSELECT version FROM "schema_migrations"[0m
  [4;36;1mSQL (2.9ms)[0m   [0;1mINSERT INTO "schema_migrations" (version) VALUES ('20100409150211')[0m
  [4;35;1mSQL (3.0ms)[0m   [0mINSERT INTO "schema_migrations" (version) VALUES ('20100408185354')[0m
  [4;36;1mSQL (0.4ms)[0m   [0;1m SELECT name
 FROM sqlite_master
 WHERE type = 'table' AND NOT name = 'sqlite_sequence'
[0m
  [4;35;1mSQL (0.1ms)[0m   [0mSELECT version FROM schema_migrations[0m
  [4;36;1mSQL (0.1ms)[0m   [0;1mselect sqlite_version(*)[0m
  [4;35;1mSQL (0.1ms)[0m   [0m SELECT name
 FROM sqlite_master
 WHERE type = 'table' AND NOT name = 'sqlite_sequence'
[0m
  [4;36;1mSQL (51.7ms)[0m   [0;1mCREATE TABLE "articles" ("id" INTEGER PRIMARY KEY AUTOINCREMENT NOT NULL, "title" varchar(255), "body" text, "created_at" datetime, "updated_at" datetime, "published" boolean DEFAULT 'f') [0m
  [4;35;1mSQL (0.5ms)[0m   [0m SELECT name
 FROM sqlite_master
 WHERE type = 'table' AND NOT name = 'sqlite_sequence'
[0m
  [4;36;1mSQL (2.7ms)[0m   [0;1mCREATE TABLE "schema_migrations" ("version" varchar(255) NOT NULL) [0m
  [4;35;1mSQL (3.4ms)[0m   [0mCREATE UNIQUE INDEX "unique_schema_migrations" ON "schema_migrations" ("version")[0m
  [4;36;1mSQL (0.4ms)[0m   [0;1m SELECT name
 FROM sqlite_master
 WHERE type = 'table' AND NOT name = 'sqlite_sequence'
[0m
  [4;35;1mSQL (0.2ms)[0m   [0mSELECT version FROM "schema_migrations"[0m
  [4;36;1mSQL (2.2ms)[0m   [0;1mINSERT INTO "schema_migrations" (version) VALUES ('20100409150211')[0m
  [4;35;1mSQL (2.1ms)[0m   [0mINSERT INTO "schema_migrations" (version) VALUES ('20100408185354')[0m
  [4;36;1mSQL (0.4ms)[0m   [0;1m SELECT name
 FROM sqlite_master
 WHERE type = 'table' AND NOT name = 'sqlite_sequence'
[0m
  [4;35;1mSQL (0.1ms)[0m   [0mSELECT version FROM schema_migrations[0m
  [4;36;1mSQL (0.1ms)[0m   [0;1mselect sqlite_version(*)[0m
  [4;35;1mSQL (0.1ms)[0m   [0m SELECT name
 FROM sqlite_master
 WHERE type = 'table' AND NOT name = 'sqlite_sequence'
[0m
  [4;36;1mSQL (53.9ms)[0m   [0;1mCREATE TABLE "articles" ("id" INTEGER PRIMARY KEY AUTOINCREMENT NOT NULL, "title" varchar(255), "body" text, "created_at" datetime, "updated_at" datetime, "published" boolean DEFAULT 'f') [0m
  [4;35;1mSQL (0.5ms)[0m   [0m SELECT name
 FROM sqlite_master
 WHERE type = 'table' AND NOT name = 'sqlite_sequence'
[0m
  [4;36;1mSQL (2.5ms)[0m   [0;1mCREATE TABLE "schema_migrations" ("version" varchar(255) NOT NULL) [0m
  [4;35;1mSQL (3.4ms)[0m   [0mCREATE UNIQUE INDEX "unique_schema_migrations" ON "schema_migrations" ("version")[0m
  [4;36;1mSQL (0.4ms)[0m   [0;1m SELECT name
 FROM sqlite_master
 WHERE type = 'table' AND NOT name = 'sqlite_sequence'
[0m
  [4;35;1mSQL (0.2ms)[0m   [0mSELECT version FROM "schema_migrations"[0m
  [4;36;1mSQL (2.4ms)[0m   [0;1mINSERT INTO "schema_migrations" (version) VALUES ('20100409150211')[0m
  [4;35;1mSQL (2.3ms)[0m   [0mINSERT INTO "schema_migrations" (version) VALUES ('20100408185354')[0m
  [4;36;1mSQL (0.4ms)[0m   [0;1m SELECT name
 FROM sqlite_master
 WHERE type = 'table' AND NOT name = 'sqlite_sequence'
[0m
  [4;35;1mSQL (0.1ms)[0m   [0mSELECT version FROM schema_migrations[0m
  [4;36;1mSQL (0.1ms)[0m   [0;1mselect sqlite_version(*)[0m
  [4;35;1mSQL (0.1ms)[0m   [0m SELECT name
 FROM sqlite_master
 WHERE type = 'table' AND NOT name = 'sqlite_sequence'
[0m
  [4;36;1mSQL (53.7ms)[0m   [0;1mCREATE TABLE "articles" ("id" INTEGER PRIMARY KEY AUTOINCREMENT NOT NULL, "title" varchar(255), "body" text, "created_at" datetime, "updated_at" datetime, "published" boolean DEFAULT 'f') [0m
  [4;35;1mSQL (0.5ms)[0m   [0m SELECT name
 FROM sqlite_master
 WHERE type = 'table' AND NOT name = 'sqlite_sequence'
[0m
  [4;36;1mSQL (2.7ms)[0m   [0;1mCREATE TABLE "schema_migrations" ("version" varchar(255) NOT NULL) [0m
  [4;35;1mSQL (3.5ms)[0m   [0mCREATE UNIQUE INDEX "unique_schema_migrations" ON "schema_migrations" ("version")[0m
  [4;36;1mSQL (0.4ms)[0m   [0;1m SELECT name
 FROM sqlite_master
 WHERE type = 'table' AND NOT name = 'sqlite_sequence'
[0m
  [4;35;1mSQL (0.1ms)[0m   [0mSELECT version FROM "schema_migrations"[0m
  [4;36;1mSQL (2.1ms)[0m   [0;1mINSERT INTO "schema_migrations" (version) VALUES ('20100409150211')[0m
  [4;35;1mSQL (2.5ms)[0m   [0mINSERT INTO "schema_migrations" (version) VALUES ('20100408185354')[0m
  [4;36;1mSQL (0.4ms)[0m   [0;1m SELECT name
 FROM sqlite_master
 WHERE type = 'table' AND NOT name = 'sqlite_sequence'
[0m
  [4;35;1mSQL (0.1ms)[0m   [0mSELECT version FROM schema_migrations[0m
  [4;36;1mSQL (0.1ms)[0m   [0;1mselect sqlite_version(*)[0m
  [4;35;1mSQL (0.1ms)[0m   [0m SELECT name
 FROM sqlite_master
 WHERE type = 'table' AND NOT name = 'sqlite_sequence'
[0m
  [4;36;1mSQL (46.9ms)[0m   [0;1mCREATE TABLE "articles" ("id" INTEGER PRIMARY KEY AUTOINCREMENT NOT NULL, "title" varchar(255), "body" text, "created_at" datetime, "updated_at" datetime, "published" boolean DEFAULT 'f') [0m
  [4;35;1mSQL (0.5ms)[0m   [0m SELECT name
 FROM sqlite_master
 WHERE type = 'table' AND NOT name = 'sqlite_sequence'
[0m
  [4;36;1mSQL (2.7ms)[0m   [0;1mCREATE TABLE "schema_migrations" ("version" varchar(255) NOT NULL) [0m
  [4;35;1mSQL (3.3ms)[0m   [0mCREATE UNIQUE INDEX "unique_schema_migrations" ON "schema_migrations" ("version")[0m
  [4;36;1mSQL (0.2ms)[0m   [0;1m SELECT name
 FROM sqlite_master
 WHERE type = 'table' AND NOT name = 'sqlite_sequence'
[0m
  [4;35;1mSQL (0.1ms)[0m   [0mSELECT version FROM "schema_migrations"[0m
  [4;36;1mSQL (2.7ms)[0m   [0;1mINSERT INTO "schema_migrations" (version) VALUES ('20100409150211')[0m
  [4;35;1mSQL (2.2ms)[0m   [0mINSERT INTO "schema_migrations" (version) VALUES ('20100408185354')[0m
  [4;36;1mSQL (0.4ms)[0m   [0;1m SELECT name
 FROM sqlite_master
 WHERE type = 'table' AND NOT name = 'sqlite_sequence'
[0m
  [4;35;1mSQL (0.1ms)[0m   [0mSELECT version FROM schema_migrations[0m
  [4;36;1mSQL (0.1ms)[0m   [0;1mselect sqlite_version(*)[0m
  [4;35;1mSQL (0.1ms)[0m   [0m SELECT name
 FROM sqlite_master
 WHERE type = 'table' AND NOT name = 'sqlite_sequence'
[0m
  [4;36;1mSQL (51.8ms)[0m   [0;1mCREATE TABLE "articles" ("id" INTEGER PRIMARY KEY AUTOINCREMENT NOT NULL, "title" varchar(255), "body" text, "created_at" datetime, "updated_at" datetime, "published" boolean DEFAULT 'f') [0m
  [4;35;1mSQL (0.4ms)[0m   [0m SELECT name
 FROM sqlite_master
 WHERE type = 'table' AND NOT name = 'sqlite_sequence'
[0m
  [4;36;1mSQL (2.5ms)[0m   [0;1mCREATE TABLE "schema_migrations" ("version" varchar(255) NOT NULL) [0m
  [4;35;1mSQL (3.4ms)[0m   [0mCREATE UNIQUE INDEX "unique_schema_migrations" ON "schema_migrations" ("version")[0m
  [4;36;1mSQL (0.3ms)[0m   [0;1m SELECT name
 FROM sqlite_master
 WHERE type = 'table' AND NOT name = 'sqlite_sequence'
[0m
  [4;35;1mSQL (0.1ms)[0m   [0mSELECT version FROM "schema_migrations"[0m
  [4;36;1mSQL (3.0ms)[0m   [0;1mINSERT INTO "schema_migrations" (version) VALUES ('20100409150211')[0m
  [4;35;1mSQL (2.9ms)[0m   [0mINSERT INTO "schema_migrations" (version) VALUES ('20100408185354')[0m
  [4;36;1mSQL (0.4ms)[0m   [0;1m SELECT name
 FROM sqlite_master
 WHERE type = 'table' AND NOT name = 'sqlite_sequence'
[0m
  [4;35;1mSQL (0.1ms)[0m   [0mSELECT version FROM schema_migrations[0m
  [4;36;1mSQL (0.1ms)[0m   [0;1mselect sqlite_version(*)[0m
  [4;35;1mSQL (0.1ms)[0m   [0m SELECT name
 FROM sqlite_master
 WHERE type = 'table' AND NOT name = 'sqlite_sequence'
[0m
  [4;36;1mSQL (48.3ms)[0m   [0;1mCREATE TABLE "articles" ("id" INTEGER PRIMARY KEY AUTOINCREMENT NOT NULL, "title" varchar(255), "body" text, "created_at" datetime, "updated_at" datetime, "published" boolean DEFAULT 'f') [0m
  [4;35;1mSQL (0.3ms)[0m   [0m SELECT name
 FROM sqlite_master
 WHERE type = 'table' AND NOT name = 'sqlite_sequence'
[0m
  [4;36;1mSQL (2.6ms)[0m   [0;1mCREATE TABLE "schema_migrations" ("version" varchar(255) NOT NULL) [0m
  [4;35;1mSQL (3.3ms)[0m   [0mCREATE UNIQUE INDEX "unique_schema_migrations" ON "schema_migrations" ("version")[0m
  [4;36;1mSQL (0.4ms)[0m   [0;1m SELECT name
 FROM sqlite_master
 WHERE type = 'table' AND NOT name = 'sqlite_sequence'
[0m
  [4;35;1mSQL (0.2ms)[0m   [0mSELECT version FROM "schema_migrations"[0m
  [4;36;1mSQL (2.4ms)[0m   [0;1mINSERT INTO "schema_migrations" (version) VALUES ('20100409150211')[0m
  [4;35;1mSQL (2.4ms)[0m   [0mINSERT INTO "schema_migrations" (version) VALUES ('20100408185354')[0m
  [4;36;1mSQL (0.4ms)[0m   [0;1m SELECT name
 FROM sqlite_master
 WHERE type = 'table' AND NOT name = 'sqlite_sequence'
[0m
  [4;35;1mSQL (0.1ms)[0m   [0mSELECT version FROM schema_migrations[0m
  [4;36;1mSQL (0.1ms)[0m   [0;1mselect sqlite_version(*)[0m
  [4;35;1mSQL (0.1ms)[0m   [0m SELECT name
 FROM sqlite_master
 WHERE type = 'table' AND NOT name = 'sqlite_sequence'
[0m
  [4;36;1mSQL (52.9ms)[0m   [0;1mCREATE TABLE "articles" ("id" INTEGER PRIMARY KEY AUTOINCREMENT NOT NULL, "title" varchar(255), "body" text, "created_at" datetime, "updated_at" datetime, "published" boolean DEFAULT 'f') [0m
  [4;35;1mSQL (0.5ms)[0m   [0m SELECT name
 FROM sqlite_master
 WHERE type = 'table' AND NOT name = 'sqlite_sequence'
[0m
  [4;36;1mSQL (2.7ms)[0m   [0;1mCREATE TABLE "schema_migrations" ("version" varchar(255) NOT NULL) [0m
  [4;35;1mSQL (3.4ms)[0m   [0mCREATE UNIQUE INDEX "unique_schema_migrations" ON "schema_migrations" ("version")[0m
  [4;36;1mSQL (0.4ms)[0m   [0;1m SELECT name
 FROM sqlite_master
 WHERE type = 'table' AND NOT name = 'sqlite_sequence'
[0m
  [4;35;1mSQL (0.2ms)[0m   [0mSELECT version FROM "schema_migrations"[0m
  [4;36;1mSQL (3.5ms)[0m   [0;1mINSERT INTO "schema_migrations" (version) VALUES ('20100409150211')[0m
  [4;35;1mSQL (2.2ms)[0m   [0mINSERT INTO "schema_migrations" (version) VALUES ('20100408185354')[0m
  [4;36;1mSQL (0.4ms)[0m   [0;1m SELECT name
 FROM sqlite_master
 WHERE type = 'table' AND NOT name = 'sqlite_sequence'
[0m
  [4;35;1mSQL (0.1ms)[0m   [0mSELECT version FROM schema_migrations[0m
  [4;36;1mSQL (0.2ms)[0m   [0;1mselect sqlite_version(*)[0m
  [4;35;1mSQL (0.2ms)[0m   [0m SELECT name
 FROM sqlite_master
 WHERE type = 'table' AND NOT name = 'sqlite_sequence'
[0m
  [4;36;1mSQL (2.3ms)[0m   [0;1mCREATE TABLE "articles" ("id" INTEGER PRIMARY KEY AUTOINCREMENT NOT NULL, "title" varchar(255), "body" text, "created_at" datetime, "updated_at" datetime, "published" boolean DEFAULT 'f') [0m
  [4;35;1mSQL (0.2ms)[0m   [0m SELECT name
 FROM sqlite_master
 WHERE type = 'table' AND NOT name = 'sqlite_sequence'
[0m
  [4;36;1mSQL (1.9ms)[0m   [0;1mCREATE TABLE "schema_migrations" ("version" varchar(255) NOT NULL) [0m
  [4;35;1mSQL (2.8ms)[0m   [0mCREATE UNIQUE INDEX "unique_schema_migrations" ON "schema_migrations" ("version")[0m
  [4;36;1mSQL (0.4ms)[0m   [0;1m SELECT name
 FROM sqlite_master
 WHERE type = 'table' AND NOT name = 'sqlite_sequence'
[0m
  [4;35;1mSQL (0.2ms)[0m   [0mSELECT version FROM "schema_migrations"[0m
  [4;36;1mSQL (3.4ms)[0m   [0;1mINSERT INTO "schema_migrations" (version) VALUES ('20100409150211')[0m
  [4;35;1mSQL (2.5ms)[0m   [0mINSERT INTO "schema_migrations" (version) VALUES ('20100408185354')[0m
  [4;36;1mSQL (0.4ms)[0m   [0;1m SELECT name
 FROM sqlite_master
 WHERE type = 'table' AND NOT name = 'sqlite_sequence'
[0m
  [4;35;1mSQL (0.1ms)[0m   [0mSELECT version FROM schema_migrations[0m
  [4;36;1mSQL (0.1ms)[0m   [0;1mselect sqlite_version(*)[0m
  [4;35;1mSQL (0.1ms)[0m   [0m SELECT name
 FROM sqlite_master
 WHERE type = 'table' AND NOT name = 'sqlite_sequence'
[0m
  [4;36;1mSQL (54.8ms)[0m   [0;1mCREATE TABLE "articles" ("id" INTEGER PRIMARY KEY AUTOINCREMENT NOT NULL, "title" varchar(255), "body" text, "created_at" datetime, "updated_at" datetime, "published" boolean DEFAULT 'f') [0m
  [4;35;1mSQL (0.5ms)[0m   [0m SELECT name
 FROM sqlite_master
 WHERE type = 'table' AND NOT name = 'sqlite_sequence'
[0m
  [4;36;1mSQL (2.6ms)[0m   [0;1mCREATE TABLE "schema_migrations" ("version" varchar(255) NOT NULL) [0m
  [4;35;1mSQL (3.4ms)[0m   [0mCREATE UNIQUE INDEX "unique_schema_migrations" ON "schema_migrations" ("version")[0m
  [4;36;1mSQL (0.4ms)[0m   [0;1m SELECT name
 FROM sqlite_master
 WHERE type = 'table' AND NOT name = 'sqlite_sequence'
[0m
  [4;35;1mSQL (0.2ms)[0m   [0mSELECT version FROM "schema_migrations"[0m
  [4;36;1mSQL (2.4ms)[0m   [0;1mINSERT INTO "schema_migrations" (version) VALUES ('20100409150211')[0m
  [4;35;1mSQL (2.4ms)[0m   [0mINSERT INTO "schema_migrations" (version) VALUES ('20100408185354')[0m
  [4;36;1mSQL (0.4ms)[0m   [0;1m SELECT name
 FROM sqlite_master
 WHERE type = 'table' AND NOT name = 'sqlite_sequence'
[0m
  [4;35;1mSQL (0.1ms)[0m   [0mSELECT version FROM schema_migrations[0m
  [4;36;1mSQL (0.1ms)[0m   [0;1mselect sqlite_version(*)[0m
  [4;35;1mSQL (0.1ms)[0m   [0m SELECT name
 FROM sqlite_master
 WHERE type = 'table' AND NOT name = 'sqlite_sequence'
[0m
  [4;36;1mSQL (51.9ms)[0m   [0;1mCREATE TABLE "articles" ("id" INTEGER PRIMARY KEY AUTOINCREMENT NOT NULL, "title" varchar(255), "body" text, "created_at" datetime, "updated_at" datetime, "published" boolean DEFAULT 'f') [0m
  [4;35;1mSQL (0.4ms)[0m   [0m SELECT name
 FROM sqlite_master
 WHERE type = 'table' AND NOT name = 'sqlite_sequence'
[0m
  [4;36;1mSQL (2.5ms)[0m   [0;1mCREATE TABLE "schema_migrations" ("version" varchar(255) NOT NULL) [0m
  [4;35;1mSQL (3.3ms)[0m   [0mCREATE UNIQUE INDEX "unique_schema_migrations" ON "schema_migrations" ("version")[0m
  [4;36;1mSQL (0.4ms)[0m   [0;1m SELECT name
 FROM sqlite_master
 WHERE type = 'table' AND NOT name = 'sqlite_sequence'
[0m
  [4;35;1mSQL (0.2ms)[0m   [0mSELECT version FROM "schema_migrations"[0m
  [4;36;1mSQL (3.1ms)[0m   [0;1mINSERT INTO "schema_migrations" (version) VALUES ('20100409150211')[0m
  [4;35;1mSQL (3.7ms)[0m   [0mINSERT INTO "schema_migrations" (version) VALUES ('20100408185354')[0m
  [4;36;1mSQL (0.4ms)[0m   [0;1m SELECT name
 FROM sqlite_master
 WHERE type = 'table' AND NOT name = 'sqlite_sequence'
[0m
  [4;35;1mSQL (0.1ms)[0m   [0mSELECT version FROM schema_migrations[0m
  [4;36;1mSQL (0.1ms)[0m   [0;1mselect sqlite_version(*)[0m
  [4;35;1mSQL (0.1ms)[0m   [0m SELECT name
 FROM sqlite_master
 WHERE type = 'table' AND NOT name = 'sqlite_sequence'
[0m
  [4;36;1mSQL (53.5ms)[0m   [0;1mCREATE TABLE "articles" ("id" INTEGER PRIMARY KEY AUTOINCREMENT NOT NULL, "title" varchar(255), "body" text, "created_at" datetime, "updated_at" datetime, "published" boolean DEFAULT 'f') [0m
  [4;35;1mSQL (0.3ms)[0m   [0m SELECT name
 FROM sqlite_master
 WHERE type = 'table' AND NOT name = 'sqlite_sequence'
[0m
  [4;36;1mSQL (2.4ms)[0m   [0;1mCREATE TABLE "schema_migrations" ("version" varchar(255) NOT NULL) [0m
  [4;35;1mSQL (3.2ms)[0m   [0mCREATE UNIQUE INDEX "unique_schema_migrations" ON "schema_migrations" ("version")[0m
  [4;36;1mSQL (0.4ms)[0m   [0;1m SELECT name
 FROM sqlite_master
 WHERE type = 'table' AND NOT name = 'sqlite_sequence'
[0m
  [4;35;1mSQL (0.2ms)[0m   [0mSELECT version FROM "schema_migrations"[0m
  [4;36;1mSQL (2.5ms)[0m   [0;1mINSERT INTO "schema_migrations" (version) VALUES ('20100409150211')[0m
  [4;35;1mSQL (3.0ms)[0m   [0mINSERT INTO "schema_migrations" (version) VALUES ('20100408185354')[0m


Processing ArticlesController#new (for 127.0.0.1 at 2010-04-09 12:57:37) [GET]
Rendering template within layouts/articles
Rendering articles/new
Rendered articles/_form (3.1ms)
Completed in 10ms (View: 6, DB: 0) | 200 OK [http://localhost/articles/new]


Processing ArticlesController#create (for 127.0.0.1 at 2010-04-09 12:57:46) [POST]
  Parameters: {"article"=>{"body"=>"jfjfjf", "title"=>"<"}, "commit"=>"Create", "authenticity_token"=>"4GWK/Pud3mUatgZmXU5KsTR17BuTHkhY9Oau0+NLnU8="}
  [4;36;1mArticle Create (0.4ms)[0m   [0;1mINSERT INTO "articles" ("created_at", "title", "body", "updated_at", "published") VALUES('2010-04-09 17:57:46', '<', 'jfjfjf', '2010-04-09 17:57:46', 'f')[0m
Redirected to http://localhost:3000/articles/2
Completed in 9ms (DB: 0) | 302 Found [http://localhost/articles]


Processing ArticlesController#show (for 127.0.0.1 at 2010-04-09 12:57:46) [GET]
  Parameters: {"id"=>"2"}
  [4;35;1mArticle Load (0.2ms)[0m   [0mSELECT * FROM "articles" WHERE ("articles"."id" = 2) [0m
Rendering template within layouts/articles
Rendering articles/show
Completed in 9ms (View: 4, DB: 0) | 200 OK [http://localhost/articles/2]


Processing ArticlesController#create (for 127.0.0.1 at 2010-04-09 12:58:29) [POST]
  Parameters: {"article"=>{"body"=>"jfjfjf<", "title"=>"<"}, "commit"=>"Create", "authenticity_token"=>"4GWK/Pud3mUatgZmXU5KsTR17BuTHkhY9Oau0+NLnU8="}
  [4;36;1mArticle Create (0.3ms)[0m   [0;1mINSERT INTO "articles" ("created_at", "title", "body", "updated_at", "published") VALUES('2010-04-09 17:58:29', '<', 'jfjfjf<', '2010-04-09 17:58:29', 'f')[0m
Redirected to http://localhost:3000/articles/3
Completed in 55ms (DB: 0) | 302 Found [http://localhost/articles]


Processing ArticlesController#show (for 127.0.0.1 at 2010-04-09 12:58:29) [GET]
  Parameters: {"id"=>"3"}
  [4;35;1mArticle Load (0.2ms)[0m   [0mSELECT * FROM "articles" WHERE ("articles"."id" = 3) [0m
Rendering template within layouts/articles
Rendering articles/show
Completed in 6ms (View: 2, DB: 0) | 200 OK [http://localhost/articles/3]


Processing ArticlesController#show (for 127.0.0.1 at 2010-04-09 13:02:02) [GET]
  Parameters: {"id"=>"3"}
  [4;36;1mArticle Load (0.2ms)[0m   [0;1mSELECT * FROM "articles" WHERE ("articles"."id" = 3) [0m
Rendering template within layouts/articles
Rendering articles/show
Completed in 8ms (View: 4, DB: 0) | 200 OK [http://localhost/articles/3]


Processing ArticlesController#show (for 127.0.0.1 at 2010-04-09 13:02:03) [GET]
  Parameters: {"id"=>"3"}
  [4;35;1mArticle Load (0.2ms)[0m   [0mSELECT * FROM "articles" WHERE ("articles"."id" = 3) [0m
Rendering template within layouts/articles
Rendering articles/show
Completed in 6ms (View: 2, DB: 0) | 200 OK [http://localhost/articles/3]
  [4;36;1mSQL (0.4ms)[0m   [0;1m SELECT name
 FROM sqlite_master
 WHERE type = 'table' AND NOT name = 'sqlite_sequence'
[0m
  [4;35;1mSQL (0.1ms)[0m   [0mSELECT version FROM schema_migrations[0m
Migrating to CreateArticles (20100408185354)
Migrating to AddPublishedToArticles (20100409150211)
Migrating to CreateComments (20100409193904)
  [4;36;1mSQL (0.1ms)[0m   [0;1mselect sqlite_version(*)[0m
  [4;35;1mSQL (0.4ms)[0m   [0mCREATE TABLE "comments" ("id" INTEGER PRIMARY KEY AUTOINCREMENT NOT NULL, "body" text, "article_id" integer, "created_at" datetime, "updated_at" datetime) [0m
  [4;36;1mSQL (0.1ms)[0m   [0;1mINSERT INTO schema_migrations (version) VALUES ('20100409193904')[0m
  [4;35;1mSQL (0.3ms)[0m   [0m SELECT name
 FROM sqlite_master
 WHERE type = 'table' AND NOT name = 'sqlite_sequence'
[0m
  [4;36;1mSQL (0.2ms)[0m   [0;1mSELECT version FROM schema_migrations[0m
  [4;35;1mSQL (0.2ms)[0m   [0m SELECT name
 FROM sqlite_master
 WHERE type = 'table' AND NOT name = 'sqlite_sequence'
[0m
  [4;36;1mSQL (0.0ms)[0m   [0;1mPRAGMA index_list("articles")[0m
  [4;35;1mSQL (0.0ms)[0m   [0mPRAGMA index_list("comments")[0m
  [4;36;1mSQL (0.4ms)[0m   [0;1m SELECT name
 FROM sqlite_master
 WHERE type = 'table' AND NOT name = 'sqlite_sequence'
[0m
  [4;35;1mSQL (0.1ms)[0m   [0mSELECT version FROM schema_migrations[0m
  [4;36;1mSQL (0.2ms)[0m   [0;1mselect sqlite_version(*)[0m
  [4;35;1mSQL (0.2ms)[0m   [0m SELECT name
 FROM sqlite_master
 WHERE type = 'table' AND NOT name = 'sqlite_sequence'
[0m
  [4;36;1mSQL (1.9ms)[0m   [0;1mCREATE TABLE "articles" ("id" INTEGER PRIMARY KEY AUTOINCREMENT NOT NULL, "title" varchar(255), "body" text, "created_at" datetime, "updated_at" datetime, "published" boolean DEFAULT 'f') [0m
  [4;35;1mSQL (0.2ms)[0m   [0m SELECT name
 FROM sqlite_master
 WHERE type = 'table' AND NOT name = 'sqlite_sequence'
[0m
  [4;36;1mSQL (2.1ms)[0m   [0;1mCREATE TABLE "comments" ("id" INTEGER PRIMARY KEY AUTOINCREMENT NOT NULL, "body" text, "article_id" integer, "created_at" datetime, "updated_at" datetime) [0m
  [4;35;1mSQL (0.4ms)[0m   [0m SELECT name
 FROM sqlite_master
 WHERE type = 'table' AND NOT name = 'sqlite_sequence'
[0m
  [4;36;1mSQL (2.9ms)[0m   [0;1mCREATE TABLE "schema_migrations" ("version" varchar(255) NOT NULL) [0m
  [4;35;1mSQL (2.9ms)[0m   [0mCREATE UNIQUE INDEX "unique_schema_migrations" ON "schema_migrations" ("version")[0m
  [4;36;1mSQL (0.3ms)[0m   [0;1m SELECT name
 FROM sqlite_master
 WHERE type = 'table' AND NOT name = 'sqlite_sequence'
[0m
  [4;35;1mSQL (0.1ms)[0m   [0mSELECT version FROM "schema_migrations"[0m
  [4;36;1mSQL (2.7ms)[0m   [0;1mINSERT INTO "schema_migrations" (version) VALUES ('20100409193904')[0m
  [4;35;1mSQL (5.4ms)[0m   [0mINSERT INTO "schema_migrations" (version) VALUES ('20100408185354')[0m
  [4;36;1mSQL (3.4ms)[0m   [0;1mINSERT INTO "schema_migrations" (version) VALUES ('20100409150211')[0m
  [4;36;1mSQL (0.5ms)[0m   [0;1m SELECT name
 FROM sqlite_master
 WHERE type = 'table' AND NOT name = 'sqlite_sequence'
[0m
  [4;35;1mSQL (0.1ms)[0m   [0mSELECT version FROM schema_migrations[0m
  [4;36;1mSQL (0.1ms)[0m   [0;1mselect sqlite_version(*)[0m
  [4;35;1mSQL (0.1ms)[0m   [0m SELECT name
 FROM sqlite_master
 WHERE type = 'table' AND NOT name = 'sqlite_sequence'
[0m
  [4;36;1mSQL (46.8ms)[0m   [0;1mCREATE TABLE "articles" ("id" INTEGER PRIMARY KEY AUTOINCREMENT NOT NULL, "title" varchar(255), "body" text, "created_at" datetime, "updated_at" datetime, "published" boolean DEFAULT 'f') [0m
  [4;35;1mSQL (0.3ms)[0m   [0m SELECT name
 FROM sqlite_master
 WHERE type = 'table' AND NOT name = 'sqlite_sequence'
[0m
  [4;36;1mSQL (2.7ms)[0m   [0;1mCREATE TABLE "comments" ("id" INTEGER PRIMARY KEY AUTOINCREMENT NOT NULL, "body" text, "article_id" integer, "created_at" datetime, "updated_at" datetime) [0m
  [4;35;1mSQL (0.4ms)[0m   [0m SELECT name
 FROM sqlite_master
 WHERE type = 'table' AND NOT name = 'sqlite_sequence'
[0m
  [4;36;1mSQL (3.3ms)[0m   [0;1mCREATE TABLE "schema_migrations" ("version" varchar(255) NOT NULL) [0m
  [4;35;1mSQL (2.8ms)[0m   [0mCREATE UNIQUE INDEX "unique_schema_migrations" ON "schema_migrations" ("version")[0m
  [4;36;1mSQL (0.2ms)[0m   [0;1m SELECT name
 FROM sqlite_master
 WHERE type = 'table' AND NOT name = 'sqlite_sequence'
[0m
  [4;35;1mSQL (0.1ms)[0m   [0mSELECT version FROM "schema_migrations"[0m
  [4;36;1mSQL (2.4ms)[0m   [0;1mINSERT INTO "schema_migrations" (version) VALUES ('20100409193904')[0m
  [4;35;1mSQL (2.4ms)[0m   [0mINSERT INTO "schema_migrations" (version) VALUES ('20100408185354')[0m
  [4;36;1mSQL (2.7ms)[0m   [0;1mINSERT INTO "schema_migrations" (version) VALUES ('20100409150211')[0m
  [4;36;1mSQL (0.4ms)[0m   [0;1m SELECT name
 FROM sqlite_master
 WHERE type = 'table' AND NOT name = 'sqlite_sequence'
[0m
  [4;35;1mSQL (0.1ms)[0m   [0mSELECT version FROM schema_migrations[0m
  [4;36;1mSQL (0.1ms)[0m   [0;1mselect sqlite_version(*)[0m
  [4;35;1mSQL (0.1ms)[0m   [0m SELECT name
 FROM sqlite_master
 WHERE type = 'table' AND NOT name = 'sqlite_sequence'
[0m
  [4;36;1mSQL (46.6ms)[0m   [0;1mCREATE TABLE "articles" ("id" INTEGER PRIMARY KEY AUTOINCREMENT NOT NULL, "title" varchar(255), "body" text, "created_at" datetime, "updated_at" datetime, "published" boolean DEFAULT 'f') [0m
  [4;35;1mSQL (0.4ms)[0m   [0m SELECT name
 FROM sqlite_master
 WHERE type = 'table' AND NOT name = 'sqlite_sequence'
[0m
  [4;36;1mSQL (2.5ms)[0m   [0;1mCREATE TABLE "comments" ("id" INTEGER PRIMARY KEY AUTOINCREMENT NOT NULL, "body" text, "article_id" integer, "created_at" datetime, "updated_at" datetime) [0m
  [4;35;1mSQL (0.3ms)[0m   [0m SELECT name
 FROM sqlite_master
 WHERE type = 'table' AND NOT name = 'sqlite_sequence'
[0m
  [4;36;1mSQL (3.2ms)[0m   [0;1mCREATE TABLE "schema_migrations" ("version" varchar(255) NOT NULL) [0m
  [4;35;1mSQL (2.7ms)[0m   [0mCREATE UNIQUE INDEX "unique_schema_migrations" ON "schema_migrations" ("version")[0m
  [4;36;1mSQL (0.3ms)[0m   [0;1m SELECT name
 FROM sqlite_master
 WHERE type = 'table' AND NOT name = 'sqlite_sequence'
[0m
  [4;35;1mSQL (0.1ms)[0m   [0mSELECT version FROM "schema_migrations"[0m
  [4;36;1mSQL (2.6ms)[0m   [0;1mINSERT INTO "schema_migrations" (version) VALUES ('20100409193904')[0m
  [4;35;1mSQL (2.9ms)[0m   [0mINSERT INTO "schema_migrations" (version) VALUES ('20100408185354')[0m
  [4;36;1mSQL (2.9ms)[0m   [0;1mINSERT INTO "schema_migrations" (version) VALUES ('20100409150211')[0m
  [4;36;1mSQL (0.4ms)[0m   [0;1m SELECT name
 FROM sqlite_master
 WHERE type = 'table' AND NOT name = 'sqlite_sequence'
[0m
  [4;35;1mSQL (0.1ms)[0m   [0mSELECT version FROM schema_migrations[0m
  [4;36;1mSQL (0.1ms)[0m   [0;1mselect sqlite_version(*)[0m
  [4;35;1mSQL (0.1ms)[0m   [0m SELECT name
 FROM sqlite_master
 WHERE type = 'table' AND NOT name = 'sqlite_sequence'
[0m
  [4;36;1mSQL (51.8ms)[0m   [0;1mCREATE TABLE "articles" ("id" INTEGER PRIMARY KEY AUTOINCREMENT NOT NULL, "title" varchar(255), "body" text, "created_at" datetime, "updated_at" datetime, "published" boolean DEFAULT 'f') [0m
  [4;35;1mSQL (0.3ms)[0m   [0m SELECT name
 FROM sqlite_master
 WHERE type = 'table' AND NOT name = 'sqlite_sequence'
[0m
  [4;36;1mSQL (2.6ms)[0m   [0;1mCREATE TABLE "comments" ("id" INTEGER PRIMARY KEY AUTOINCREMENT NOT NULL, "body" text, "article_id" integer, "created_at" datetime, "updated_at" datetime) [0m
  [4;35;1mSQL (0.4ms)[0m   [0m SELECT name
 FROM sqlite_master
 WHERE type = 'table' AND NOT name = 'sqlite_sequence'
[0m
  [4;36;1mSQL (3.5ms)[0m   [0;1mCREATE TABLE "schema_migrations" ("version" varchar(255) NOT NULL) [0m
  [4;35;1mSQL (3.5ms)[0m   [0mCREATE UNIQUE INDEX "unique_schema_migrations" ON "schema_migrations" ("version")[0m
  [4;36;1mSQL (0.3ms)[0m   [0;1m SELECT name
 FROM sqlite_master
 WHERE type = 'table' AND NOT name = 'sqlite_sequence'
[0m
  [4;35;1mSQL (0.1ms)[0m   [0mSELECT version FROM "schema_migrations"[0m
  [4;36;1mSQL (2.6ms)[0m   [0;1mINSERT INTO "schema_migrations" (version) VALUES ('20100409193904')[0m
  [4;35;1mSQL (3.5ms)[0m   [0mINSERT INTO "schema_migrations" (version) VALUES ('20100408185354')[0m
  [4;36;1mSQL (2.7ms)[0m   [0;1mINSERT INTO "schema_migrations" (version) VALUES ('20100409150211')[0m
  [4;36;1mSQL (0.4ms)[0m   [0;1m SELECT name
 FROM sqlite_master
 WHERE type = 'table' AND NOT name = 'sqlite_sequence'
[0m
  [4;35;1mSQL (0.5ms)[0m   [0mSELECT version FROM schema_migrations[0m
  [4;36;1mSQL (0.2ms)[0m   [0;1mselect sqlite_version(*)[0m
  [4;35;1mSQL (0.2ms)[0m   [0m SELECT name
 FROM sqlite_master
 WHERE type = 'table' AND NOT name = 'sqlite_sequence'
[0m
  [4;36;1mSQL (2.6ms)[0m   [0;1mCREATE TABLE "articles" ("id" INTEGER PRIMARY KEY AUTOINCREMENT NOT NULL, "title" varchar(255), "body" text, "created_at" datetime, "updated_at" datetime, "published" boolean DEFAULT 'f') [0m
  [4;35;1mSQL (0.4ms)[0m   [0m SELECT name
 FROM sqlite_master
 WHERE type = 'table' AND NOT name = 'sqlite_sequence'
[0m
  [4;36;1mSQL (3.8ms)[0m   [0;1mCREATE TABLE "comments" ("id" INTEGER PRIMARY KEY AUTOINCREMENT NOT NULL, "body" text, "article_id" integer, "created_at" datetime, "updated_at" datetime) [0m
  [4;35;1mSQL (0.4ms)[0m   [0m SELECT name
 FROM sqlite_master
 WHERE type = 'table' AND NOT name = 'sqlite_sequence'
[0m
  [4;36;1mSQL (4.6ms)[0m   [0;1mCREATE TABLE "schema_migrations" ("version" varchar(255) NOT NULL) [0m
  [4;35;1mSQL (4.0ms)[0m   [0mCREATE UNIQUE INDEX "unique_schema_migrations" ON "schema_migrations" ("version")[0m
  [4;36;1mSQL (0.3ms)[0m   [0;1m SELECT name
 FROM sqlite_master
 WHERE type = 'table' AND NOT name = 'sqlite_sequence'
[0m
  [4;35;1mSQL (0.1ms)[0m   [0mSELECT version FROM "schema_migrations"[0m
  [4;36;1mSQL (4.7ms)[0m   [0;1mINSERT INTO "schema_migrations" (version) VALUES ('20100409193904')[0m
  [4;35;1mSQL (4.5ms)[0m   [0mINSERT INTO "schema_migrations" (version) VALUES ('20100408185354')[0m
  [4;36;1mSQL (4.3ms)[0m   [0;1mINSERT INTO "schema_migrations" (version) VALUES ('20100409150211')[0m


Processing ArticlesController#show (for 127.0.0.1 at 2010-04-09 15:10:24) [GET]
  Parameters: {"id"=>"3"}
  [4;36;1mArticle Load (0.2ms)[0m   [0;1mSELECT * FROM "articles" WHERE ("articles"."id" = 3) [0m
  [4;35;1mComment Load (0.1ms)[0m   [0mSELECT * FROM "comments" WHERE ("comments".article_id = 3) [0m
Rendering template within layouts/articles
Rendering articles/show
Completed in 23ms (View: 9, DB: 0) | 200 OK [http://localhost/articles/3]


Processing CommentsController#create (for 127.0.0.1 at 2010-04-09 15:10:28) [POST]
  Parameters: {"comment"=>{"body"=>"sdfsdfd"}, "commit"=>"Add Comment", "authenticity_token"=>"4GWK/Pud3mUatgZmXU5KsTR17BuTHkhY9Oau0+NLnU8=", "article_id"=>"3"}
  [4;36;1mArticle Load (0.2ms)[0m   [0;1mSELECT * FROM "articles" WHERE ("articles"."id" = 3) [0m
  [4;35;1mComment Create (0.3ms)[0m   [0mINSERT INTO "comments" ("created_at", "body", "updated_at", "article_id") VALUES('2010-04-09 20:10:28', 'sdfsdfd', '2010-04-09 20:10:28', 3)[0m
Redirected to http://localhost:3000/articles/3
Completed in 13ms (DB: 0) | 302 Found [http://localhost/articles/3/comments]


Processing ArticlesController#show (for 127.0.0.1 at 2010-04-09 15:10:28) [GET]
  Parameters: {"id"=>"3"}
  [4;36;1mArticle Load (0.2ms)[0m   [0;1mSELECT * FROM "articles" WHERE ("articles"."id" = 3) [0m
  [4;35;1mComment Load (0.2ms)[0m   [0mSELECT * FROM "comments" WHERE ("comments".article_id = 3) [0m
Rendering template within layouts/articles
Rendering articles/show
Completed in 56ms (View: 48, DB: 0) | 200 OK [http://localhost/articles/3]


Processing ArticlesController#show (for 127.0.0.1 at 2010-04-09 15:15:59) [GET]
  Parameters: {"id"=>"3"}
  [4;36;1mArticle Load (0.2ms)[0m   [0;1mSELECT * FROM "articles" WHERE ("articles"."id" = 3) [0m
  [4;35;1mComment Load (0.2ms)[0m   [0mSELECT * FROM "comments" WHERE ("comments".article_id = 3) [0m
Rendering template within layouts/articles
Rendering articles/show
Completed in 14ms (View: 6, DB: 0) | 200 OK [http://localhost/articles/3]


Processing ArticlesController#show (for 127.0.0.1 at 2010-04-09 15:16:01) [GET]
  Parameters: {"id"=>"3"}
  [4;36;1mArticle Load (0.2ms)[0m   [0;1mSELECT * FROM "articles" WHERE ("articles"."id" = 3) [0m
  [4;35;1mComment Load (0.2ms)[0m   [0mSELECT * FROM "comments" WHERE ("comments".article_id = 3) [0m
Rendering template within layouts/articles
Rendering articles/show
Completed in 11ms (View: 3, DB: 0) | 200 OK [http://localhost/articles/3]


Processing ArticlesController#show (for 127.0.0.1 at 2010-04-09 15:18:13) [GET]
  Parameters: {"id"=>"3"}
  [4;36;1mArticle Load (0.2ms)[0m   [0;1mSELECT * FROM "articles" WHERE ("articles"."id" = 3) [0m
  [4;35;1mComment Load (0.2ms)[0m   [0mSELECT * FROM "comments" WHERE ("comments".article_id = 3) [0m
Rendering template within layouts/articles
Rendering articles/show
Completed in 14ms (View: 6, DB: 0) | 200 OK [http://localhost/articles/3]


Processing ArticlesController#show (for 127.0.0.1 at 2010-04-09 15:18:52) [GET]
  Parameters: {"id"=>"3"}
  [4;36;1mArticle Load (0.2ms)[0m   [0;1mSELECT * FROM "articles" WHERE ("articles"."id" = 3) [0m
  [4;35;1mComment Load (0.2ms)[0m   [0mSELECT * FROM "comments" WHERE ("comments".article_id = 3) [0m
Rendering template within layouts/articles
Rendering articles/show
Completed in 14ms (View: 6, DB: 0) | 200 OK [http://localhost/articles/3]


Processing ArticlesController#show (for 127.0.0.1 at 2010-04-09 15:20:09) [GET]
  Parameters: {"id"=>"3"}
  [4;36;1mArticle Load (0.2ms)[0m   [0;1mSELECT * FROM "articles" WHERE ("articles"."id" = 3) [0m
  [4;35;1mComment Load (0.2ms)[0m   [0mSELECT * FROM "comments" WHERE ("comments".article_id = 3) [0m
Rendering template within layouts/articles
Rendering articles/show
Completed in 14ms (View: 6, DB: 0) | 200 OK [http://localhost/articles/3]


Processing ArticlesController#show (for 127.0.0.1 at 2010-04-09 15:20:31) [GET]
  Parameters: {"id"=>"3"}
  [4;36;1mArticle Load (0.2ms)[0m   [0;1mSELECT * FROM "articles" WHERE ("articles"."id" = 3) [0m
  [4;35;1mComment Load (0.2ms)[0m   [0mSELECT * FROM "comments" WHERE ("comments".article_id = 3) [0m
Rendering template within layouts/articles
Rendering articles/show
Completed in 14ms (View: 6, DB: 0) | 200 OK [http://localhost/articles/3]


Processing ArticlesController#show (for 127.0.0.1 at 2010-04-09 15:23:04) [GET]
  Parameters: {"id"=>"3"}
  [4;36;1mArticle Load (0.2ms)[0m   [0;1mSELECT * FROM "articles" WHERE ("articles"."id" = 3) [0m
  [4;35;1mComment Load (0.2ms)[0m   [0mSELECT * FROM "comments" WHERE ("comments".article_id = 3) [0m
Rendering template within layouts/articles
Rendering articles/show

ActionView::TemplateError (undefined method `merge' for "comment":String) on line #7 of app/views/articles/show.html.erb:
4: 
5: <%form_for [@article, @comment] do |f| %>
6:   
7:   <%= f.label :comment, :body, "comment" %><br />
8:   <%= f.text_area :body %>
9:   
10:   <%= f.submit "Add Comment" %>

    app/views/articles/show.html.erb:7
    app/views/articles/show.html.erb:5
    /Users/bryan/.rvm/rubies/ruby-1.8.7-p249/lib/ruby/1.8/webrick/httpserver.rb:104:in `service'
    /Users/bryan/.rvm/rubies/ruby-1.8.7-p249/lib/ruby/1.8/webrick/httpserver.rb:65:in `run'
    /Users/bryan/.rvm/rubies/ruby-1.8.7-p249/lib/ruby/1.8/webrick/server.rb:173:in `start_thread'
    /Users/bryan/.rvm/rubies/ruby-1.8.7-p249/lib/ruby/1.8/webrick/server.rb:162:in `start'
    /Users/bryan/.rvm/rubies/ruby-1.8.7-p249/lib/ruby/1.8/webrick/server.rb:162:in `start_thread'
    /Users/bryan/.rvm/rubies/ruby-1.8.7-p249/lib/ruby/1.8/webrick/server.rb:95:in `start'
    /Users/bryan/.rvm/rubies/ruby-1.8.7-p249/lib/ruby/1.8/webrick/server.rb:92:in `each'
    /Users/bryan/.rvm/rubies/ruby-1.8.7-p249/lib/ruby/1.8/webrick/server.rb:92:in `start'
    /Users/bryan/.rvm/rubies/ruby-1.8.7-p249/lib/ruby/1.8/webrick/server.rb:23:in `start'
    /Users/bryan/.rvm/rubies/ruby-1.8.7-p249/lib/ruby/1.8/webrick/server.rb:82:in `start'

Rendered rescues/_trace (101.3ms)
Rendered rescues/_request_and_response (1.1ms)
Rendering rescues/layout (internal_server_error)


Processing ArticlesController#show (for 127.0.0.1 at 2010-04-09 15:23:55) [GET]
  Parameters: {"id"=>"3"}
  [4;36;1mArticle Load (0.2ms)[0m   [0;1mSELECT * FROM "articles" WHERE ("articles"."id" = 3) [0m
  [4;35;1mComment Load (0.2ms)[0m   [0mSELECT * FROM "comments" WHERE ("comments".article_id = 3) [0m
Rendering template within layouts/articles
Rendering articles/show

ActionView::TemplateError (undefined method `merge' for "comment":String) on line #7 of app/views/articles/show.html.erb:
4: 
5: <%form_for [@article, @comment] do |f| %>
6:   
7:   <%= f.label(:comment, :body, "comment") %><br />
8:   <%= f.text_area :body %>
9:   
10:   <%= f.submit "Add Comment" %>

    app/views/articles/show.html.erb:7
    app/views/articles/show.html.erb:5
    /Users/bryan/.rvm/rubies/ruby-1.8.7-p249/lib/ruby/1.8/webrick/httpserver.rb:104:in `service'
    /Users/bryan/.rvm/rubies/ruby-1.8.7-p249/lib/ruby/1.8/webrick/httpserver.rb:65:in `run'
    /Users/bryan/.rvm/rubies/ruby-1.8.7-p249/lib/ruby/1.8/webrick/server.rb:173:in `start_thread'
    /Users/bryan/.rvm/rubies/ruby-1.8.7-p249/lib/ruby/1.8/webrick/server.rb:162:in `start'
    /Users/bryan/.rvm/rubies/ruby-1.8.7-p249/lib/ruby/1.8/webrick/server.rb:162:in `start_thread'
    /Users/bryan/.rvm/rubies/ruby-1.8.7-p249/lib/ruby/1.8/webrick/server.rb:95:in `start'
    /Users/bryan/.rvm/rubies/ruby-1.8.7-p249/lib/ruby/1.8/webrick/server.rb:92:in `each'
    /Users/bryan/.rvm/rubies/ruby-1.8.7-p249/lib/ruby/1.8/webrick/server.rb:92:in `start'
    /Users/bryan/.rvm/rubies/ruby-1.8.7-p249/lib/ruby/1.8/webrick/server.rb:23:in `start'
    /Users/bryan/.rvm/rubies/ruby-1.8.7-p249/lib/ruby/1.8/webrick/server.rb:82:in `start'

Rendered rescues/_trace (102.2ms)
Rendered rescues/_request_and_response (0.3ms)
Rendering rescues/layout (internal_server_error)


Processing ArticlesController#show (for 127.0.0.1 at 2010-04-09 15:24:29) [GET]
  Parameters: {"id"=>"3"}
  [4;36;1mArticle Load (0.2ms)[0m   [0;1mSELECT * FROM "articles" WHERE ("articles"."id" = 3) [0m
  [4;35;1mComment Load (0.2ms)[0m   [0mSELECT * FROM "comments" WHERE ("comments".article_id = 3) [0m
Rendering template within layouts/articles
Rendering articles/show
Completed in 15ms (View: 7, DB: 0) | 200 OK [http://localhost/articles/3]
