/!\ FAILSAFE /!\  Thu Apr 08 10:37:35 -0500 2010
  Status: 500 Internal Server Error
  no such file to load -- sqlite3
    /Users/bryan/.rvm/rubies/ruby-1.8.7-p249/lib/ruby/site_ruby/1.8/rubygems/custom_require.rb:31:in `gem_original_require'
    /Users/bryan/.rvm/rubies/ruby-1.8.7-p249/lib/ruby/site_ruby/1.8/rubygems/custom_require.rb:31:in `require'
    /Users/bryan/.rvm/gems/ruby-1.8.7-p249/gems/activesupport-2.3.5/lib/active_support/dependencies.rb:156:in `require'
    /Users/bryan/.rvm/gems/ruby-1.8.7-p249/gems/activesupport-2.3.5/lib/active_support/dependencies.rb:521:in `new_constants_in'
    /Users/bryan/.rvm/gems/ruby-1.8.7-p249/gems/activesupport-2.3.5/lib/active_support/dependencies.rb:156:in `require'
    /Users/bryan/.rvm/gems/ruby-1.8.7-p249/gems/activesupport-2.3.5/lib/active_support/core_ext/kernel/requires.rb:7:in `require_library_or_gem'
    /Users/bryan/.rvm/gems/ruby-1.8.7-p249/gems/activesupport-2.3.5/lib/active_support/core_ext/kernel/reporting.rb:11:in `silence_warnings'
    /Users/bryan/.rvm/gems/ruby-1.8.7-p249/gems/activesupport-2.3.5/lib/active_support/core_ext/kernel/requires.rb:5:in `require_library_or_gem'
    /Users/bryan/.rvm/gems/ruby-1.8.7-p249/gems/activerecord-2.3.5/lib/active_record/connection_adapters/sqlite3_adapter.rb:10:in `sqlite3_connection'
    /Users/bryan/.rvm/gems/ruby-1.8.7-p249/gems/activerecord-2.3.5/lib/active_record/connection_adapters/abstract/connection_pool.rb:223:in `send'
    /Users/bryan/.rvm/gems/ruby-1.8.7-p249/gems/activerecord-2.3.5/lib/active_record/connection_adapters/abstract/connection_pool.rb:223:in `new_connection'
    /Users/bryan/.rvm/gems/ruby-1.8.7-p249/gems/activerecord-2.3.5/lib/active_record/connection_adapters/abstract/connection_pool.rb:245:in `checkout_new_connection'
    /Users/bryan/.rvm/gems/ruby-1.8.7-p249/gems/activerecord-2.3.5/lib/active_record/connection_adapters/abstract/connection_pool.rb:188:in `checkout'
    /Users/bryan/.rvm/gems/ruby-1.8.7-p249/gems/activerecord-2.3.5/lib/active_record/connection_adapters/abstract/connection_pool.rb:184:in `loop'
    /Users/bryan/.rvm/gems/ruby-1.8.7-p249/gems/activerecord-2.3.5/lib/active_record/connection_adapters/abstract/connection_pool.rb:184:in `checkout'
    /Users/bryan/.rvm/rubies/ruby-1.8.7-p249/lib/ruby/1.8/monitor.rb:242:in `synchronize'
    /Users/bryan/.rvm/gems/ruby-1.8.7-p249/gems/activerecord-2.3.5/lib/active_record/connection_adapters/abstract/connection_pool.rb:183:in `checkout'
    /Users/bryan/.rvm/gems/ruby-1.8.7-p249/gems/activerecord-2.3.5/lib/active_record/connection_adapters/abstract/connection_pool.rb:98:in `connection'
    /Users/bryan/.rvm/gems/ruby-1.8.7-p249/gems/activerecord-2.3.5/lib/active_record/connection_adapters/abstract/connection_pool.rb:326:in `retrieve_connection'
    /Users/bryan/.rvm/gems/ruby-1.8.7-p249/gems/activerecord-2.3.5/lib/active_record/connection_adapters/abstract/connection_specification.rb:123:in `retrieve_connection'
    /Users/bryan/.rvm/gems/ruby-1.8.7-p249/gems/activerecord-2.3.5/lib/active_record/connection_adapters/abstract/connection_specification.rb:115:in `connection'
    /Users/bryan/.rvm/gems/ruby-1.8.7-p249/gems/activerecord-2.3.5/lib/active_record/query_cache.rb:9:in `cache'
    /Users/bryan/.rvm/gems/ruby-1.8.7-p249/gems/activerecord-2.3.5/lib/active_record/query_cache.rb:28:in `call'
    /Users/bryan/.rvm/gems/ruby-1.8.7-p249/gems/activerecord-2.3.5/lib/active_record/connection_adapters/abstract/connection_pool.rb:361:in `call'
    /Users/bryan/.rvm/gems/ruby-1.8.7-p249/gems/actionpack-2.3.5/lib/action_controller/string_coercion.rb:25:in `call'
    /Users/bryan/.rvm/gems/ruby-1.8.7-p249/gems/rack-1.0.1/lib/rack/head.rb:9:in `call'
    /Users/bryan/.rvm/gems/ruby-1.8.7-p249/gems/rack-1.0.1/lib/rack/methodoverride.rb:24:in `call'
    /Users/bryan/.rvm/gems/ruby-1.8.7-p249/gems/actionpack-2.3.5/lib/action_controller/params_parser.rb:15:in `call'
    /Users/bryan/.rvm/gems/ruby-1.8.7-p249/gems/actionpack-2.3.5/lib/action_controller/session/cookie_store.rb:93:in `call'
    /Users/bryan/.rvm/gems/ruby-1.8.7-p249/gems/actionpack-2.3.5/lib/action_controller/failsafe.rb:26:in `call'
    /Users/bryan/.rvm/gems/ruby-1.8.7-p249/gems/rack-1.0.1/lib/rack/lock.rb:11:in `call'
    /Users/bryan/.rvm/gems/ruby-1.8.7-p249/gems/rack-1.0.1/lib/rack/lock.rb:11:in `synchronize'
    /Users/bryan/.rvm/gems/ruby-1.8.7-p249/gems/rack-1.0.1/lib/rack/lock.rb:11:in `call'
    /Users/bryan/.rvm/gems/ruby-1.8.7-p249/gems/actionpack-2.3.5/lib/action_controller/dispatcher.rb:114:in `call'
    /Users/bryan/.rvm/gems/ruby-1.8.7-p249/gems/actionpack-2.3.5/lib/action_controller/reloader.rb:34:in `run'
    /Users/bryan/.rvm/gems/ruby-1.8.7-p249/gems/actionpack-2.3.5/lib/action_controller/dispatcher.rb:108:in `call'
    /Users/bryan/.rvm/gems/ruby-1.8.7-p249/gems/rails-2.3.5/lib/rails/rack/static.rb:31:in `call'
    /Users/bryan/.rvm/gems/ruby-1.8.7-p249/gems/rack-1.0.1/lib/rack/urlmap.rb:46:in `call'
    /Users/bryan/.rvm/gems/ruby-1.8.7-p249/gems/rack-1.0.1/lib/rack/urlmap.rb:40:in `each'
    /Users/bryan/.rvm/gems/ruby-1.8.7-p249/gems/rack-1.0.1/lib/rack/urlmap.rb:40:in `call'
    /Users/bryan/.rvm/gems/ruby-1.8.7-p249/gems/rails-2.3.5/lib/rails/rack/log_tailer.rb:17:in `call'
    /Users/bryan/.rvm/gems/ruby-1.8.7-p249/gems/rack-1.0.1/lib/rack/content_length.rb:13:in `call'
    /Users/bryan/.rvm/gems/ruby-1.8.7-p249/gems/rack-1.0.1/lib/rack/handler/webrick.rb:50:in `service'
    /Users/bryan/.rvm/rubies/ruby-1.8.7-p249/lib/ruby/1.8/webrick/httpserver.rb:104:in `service'
    /Users/bryan/.rvm/rubies/ruby-1.8.7-p249/lib/ruby/1.8/webrick/httpserver.rb:65:in `run'
    /Users/bryan/.rvm/rubies/ruby-1.8.7-p249/lib/ruby/1.8/webrick/server.rb:173:in `start_thread'
    /Users/bryan/.rvm/rubies/ruby-1.8.7-p249/lib/ruby/1.8/webrick/server.rb:162:in `start'
    /Users/bryan/.rvm/rubies/ruby-1.8.7-p249/lib/ruby/1.8/webrick/server.rb:162:in `start_thread'
    /Users/bryan/.rvm/rubies/ruby-1.8.7-p249/lib/ruby/1.8/webrick/server.rb:95:in `start'
    /Users/bryan/.rvm/rubies/ruby-1.8.7-p249/lib/ruby/1.8/webrick/server.rb:92:in `each'
    /Users/bryan/.rvm/rubies/ruby-1.8.7-p249/lib/ruby/1.8/webrick/server.rb:92:in `start'
    /Users/bryan/.rvm/rubies/ruby-1.8.7-p249/lib/ruby/1.8/webrick/server.rb:23:in `start'
    /Users/bryan/.rvm/rubies/ruby-1.8.7-p249/lib/ruby/1.8/webrick/server.rb:82:in `start'
    /Users/bryan/.rvm/gems/ruby-1.8.7-p249/gems/rack-1.0.1/lib/rack/handler/webrick.rb:14:in `run'
    /Users/bryan/.rvm/gems/ruby-1.8.7-p249/gems/rails-2.3.5/lib/commands/server.rb:111
    /Users/bryan/.rvm/rubies/ruby-1.8.7-p249/lib/ruby/site_ruby/1.8/rubygems/custom_require.rb:31:in `gem_original_require'
    /Users/bryan/.rvm/rubies/ruby-1.8.7-p249/lib/ruby/site_ruby/1.8/rubygems/custom_require.rb:31:in `require'
    script/server:3
/!\ FAILSAFE /!\  Thu Apr 08 10:38:27 -0500 2010
  Status: 500 Internal Server Error
  uninitialized constant Encoding
    /Users/bryan/.rvm/gems/ruby-1.8.7-p249/gems/activesupport-2.3.5/lib/active_support/dependencies.rb:443:in `load_missing_constant'
    /Users/bryan/.rvm/gems/ruby-1.8.7-p249/gems/activesupport-2.3.5/lib/active_support/dependencies.rb:80:in `const_missing'
    /Users/bryan/.rvm/gems/ruby-1.8.7-p249/gems/activesupport-2.3.5/lib/active_support/dependencies.rb:92:in `const_missing'
    /Users/bryan/.rvm/gems/ruby-1.8.7-p249/gems/sqlite3-0.0.8/lib/sqlite3/encoding.rb:9:in `find'
    /Users/bryan/.rvm/gems/ruby-1.8.7-p249/gems/sqlite3-0.0.8/lib/sqlite3/database.rb:66:in `initialize'
    /Users/bryan/.rvm/gems/ruby-1.8.7-p249/gems/activerecord-2.3.5/lib/active_record/connection_adapters/sqlite3_adapter.rb:13:in `new'
    /Users/bryan/.rvm/gems/ruby-1.8.7-p249/gems/activerecord-2.3.5/lib/active_record/connection_adapters/sqlite3_adapter.rb:13:in `sqlite3_connection'
    /Users/bryan/.rvm/gems/ruby-1.8.7-p249/gems/activerecord-2.3.5/lib/active_record/connection_adapters/abstract/connection_pool.rb:223:in `send'
    /Users/bryan/.rvm/gems/ruby-1.8.7-p249/gems/activerecord-2.3.5/lib/active_record/connection_adapters/abstract/connection_pool.rb:223:in `new_connection'
    /Users/bryan/.rvm/gems/ruby-1.8.7-p249/gems/activerecord-2.3.5/lib/active_record/connection_adapters/abstract/connection_pool.rb:245:in `checkout_new_connection'
    /Users/bryan/.rvm/gems/ruby-1.8.7-p249/gems/activerecord-2.3.5/lib/active_record/connection_adapters/abstract/connection_pool.rb:188:in `checkout'
    /Users/bryan/.rvm/gems/ruby-1.8.7-p249/gems/activerecord-2.3.5/lib/active_record/connection_adapters/abstract/connection_pool.rb:184:in `loop'
    /Users/bryan/.rvm/gems/ruby-1.8.7-p249/gems/activerecord-2.3.5/lib/active_record/connection_adapters/abstract/connection_pool.rb:184:in `checkout'
    /Users/bryan/.rvm/rubies/ruby-1.8.7-p249/lib/ruby/1.8/monitor.rb:242:in `synchronize'
    /Users/bryan/.rvm/gems/ruby-1.8.7-p249/gems/activerecord-2.3.5/lib/active_record/connection_adapters/abstract/connection_pool.rb:183:in `checkout'
    /Users/bryan/.rvm/gems/ruby-1.8.7-p249/gems/activerecord-2.3.5/lib/active_record/connection_adapters/abstract/connection_pool.rb:98:in `connection'
    /Users/bryan/.rvm/gems/ruby-1.8.7-p249/gems/activerecord-2.3.5/lib/active_record/connection_adapters/abstract/connection_pool.rb:326:in `retrieve_connection'
    /Users/bryan/.rvm/gems/ruby-1.8.7-p249/gems/activerecord-2.3.5/lib/active_record/connection_adapters/abstract/connection_specification.rb:123:in `retrieve_connection'
    /Users/bryan/.rvm/gems/ruby-1.8.7-p249/gems/activerecord-2.3.5/lib/active_record/connection_adapters/abstract/connection_specification.rb:115:in `connection'
    /Users/bryan/.rvm/gems/ruby-1.8.7-p249/gems/activerecord-2.3.5/lib/active_record/query_cache.rb:9:in `cache'
    /Users/bryan/.rvm/gems/ruby-1.8.7-p249/gems/activerecord-2.3.5/lib/active_record/query_cache.rb:28:in `call'
    /Users/bryan/.rvm/gems/ruby-1.8.7-p249/gems/activerecord-2.3.5/lib/active_record/connection_adapters/abstract/connection_pool.rb:361:in `call'
    /Users/bryan/.rvm/gems/ruby-1.8.7-p249/gems/actionpack-2.3.5/lib/action_controller/string_coercion.rb:25:in `call'
    /Users/bryan/.rvm/gems/ruby-1.8.7-p249/gems/rack-1.0.1/lib/rack/head.rb:9:in `call'
    /Users/bryan/.rvm/gems/ruby-1.8.7-p249/gems/rack-1.0.1/lib/rack/methodoverride.rb:24:in `call'
    /Users/bryan/.rvm/gems/ruby-1.8.7-p249/gems/actionpack-2.3.5/lib/action_controller/params_parser.rb:15:in `call'
    /Users/bryan/.rvm/gems/ruby-1.8.7-p249/gems/actionpack-2.3.5/lib/action_controller/session/cookie_store.rb:93:in `call'
    /Users/bryan/.rvm/gems/ruby-1.8.7-p249/gems/actionpack-2.3.5/lib/action_controller/failsafe.rb:26:in `call'
    /Users/bryan/.rvm/gems/ruby-1.8.7-p249/gems/rack-1.0.1/lib/rack/lock.rb:11:in `call'
    /Users/bryan/.rvm/gems/ruby-1.8.7-p249/gems/rack-1.0.1/lib/rack/lock.rb:11:in `synchronize'
    /Users/bryan/.rvm/gems/ruby-1.8.7-p249/gems/rack-1.0.1/lib/rack/lock.rb:11:in `call'
    /Users/bryan/.rvm/gems/ruby-1.8.7-p249/gems/actionpack-2.3.5/lib/action_controller/dispatcher.rb:114:in `call'
    /Users/bryan/.rvm/gems/ruby-1.8.7-p249/gems/actionpack-2.3.5/lib/action_controller/reloader.rb:34:in `run'
    /Users/bryan/.rvm/gems/ruby-1.8.7-p249/gems/actionpack-2.3.5/lib/action_controller/dispatcher.rb:108:in `call'
    /Users/bryan/.rvm/gems/ruby-1.8.7-p249/gems/rails-2.3.5/lib/rails/rack/static.rb:31:in `call'
    /Users/bryan/.rvm/gems/ruby-1.8.7-p249/gems/rack-1.0.1/lib/rack/urlmap.rb:46:in `call'
    /Users/bryan/.rvm/gems/ruby-1.8.7-p249/gems/rack-1.0.1/lib/rack/urlmap.rb:40:in `each'
    /Users/bryan/.rvm/gems/ruby-1.8.7-p249/gems/rack-1.0.1/lib/rack/urlmap.rb:40:in `call'
    /Users/bryan/.rvm/gems/ruby-1.8.7-p249/gems/rails-2.3.5/lib/rails/rack/log_tailer.rb:17:in `call'
    /Users/bryan/.rvm/gems/ruby-1.8.7-p249/gems/rack-1.0.1/lib/rack/content_length.rb:13:in `call'
    /Users/bryan/.rvm/gems/ruby-1.8.7-p249/gems/rack-1.0.1/lib/rack/handler/webrick.rb:50:in `service'
    /Users/bryan/.rvm/rubies/ruby-1.8.7-p249/lib/ruby/1.8/webrick/httpserver.rb:104:in `service'
    /Users/bryan/.rvm/rubies/ruby-1.8.7-p249/lib/ruby/1.8/webrick/httpserver.rb:65:in `run'
    /Users/bryan/.rvm/rubies/ruby-1.8.7-p249/lib/ruby/1.8/webrick/server.rb:173:in `start_thread'
    /Users/bryan/.rvm/rubies/ruby-1.8.7-p249/lib/ruby/1.8/webrick/server.rb:162:in `start'
    /Users/bryan/.rvm/rubies/ruby-1.8.7-p249/lib/ruby/1.8/webrick/server.rb:162:in `start_thread'
    /Users/bryan/.rvm/rubies/ruby-1.8.7-p249/lib/ruby/1.8/webrick/server.rb:95:in `start'
    /Users/bryan/.rvm/rubies/ruby-1.8.7-p249/lib/ruby/1.8/webrick/server.rb:92:in `each'
    /Users/bryan/.rvm/rubies/ruby-1.8.7-p249/lib/ruby/1.8/webrick/server.rb:92:in `start'
    /Users/bryan/.rvm/rubies/ruby-1.8.7-p249/lib/ruby/1.8/webrick/server.rb:23:in `start'
    /Users/bryan/.rvm/rubies/ruby-1.8.7-p249/lib/ruby/1.8/webrick/server.rb:82:in `start'
    /Users/bryan/.rvm/gems/ruby-1.8.7-p249/gems/rack-1.0.1/lib/rack/handler/webrick.rb:14:in `run'
    /Users/bryan/.rvm/gems/ruby-1.8.7-p249/gems/rails-2.3.5/lib/commands/server.rb:111
    /Users/bryan/.rvm/rubies/ruby-1.8.7-p249/lib/ruby/site_ruby/1.8/rubygems/custom_require.rb:31:in `gem_original_require'
    /Users/bryan/.rvm/rubies/ruby-1.8.7-p249/lib/ruby/site_ruby/1.8/rubygems/custom_require.rb:31:in `require'
    script/server:3
/!\ FAILSAFE /!\  Thu Apr 08 10:40:45 -0500 2010
  Status: 500 Internal Server Error
  uninitialized constant Encoding
    /Users/bryan/.rvm/gems/ruby-1.8.7-p249/gems/activesupport-2.3.5/lib/active_support/dependencies.rb:443:in `load_missing_constant'
    /Users/bryan/.rvm/gems/ruby-1.8.7-p249/gems/activesupport-2.3.5/lib/active_support/dependencies.rb:80:in `const_missing'
    /Users/bryan/.rvm/gems/ruby-1.8.7-p249/gems/activesupport-2.3.5/lib/active_support/dependencies.rb:92:in `const_missing'
    /Users/bryan/.rvm/gems/ruby-1.8.7-p249/gems/sqlite3-0.0.8/lib/sqlite3/encoding.rb:9:in `find'
    /Users/bryan/.rvm/gems/ruby-1.8.7-p249/gems/sqlite3-0.0.8/lib/sqlite3/database.rb:66:in `initialize'
    /Users/bryan/.rvm/gems/ruby-1.8.7-p249/gems/activerecord-2.3.5/lib/active_record/connection_adapters/sqlite3_adapter.rb:13:in `new'
    /Users/bryan/.rvm/gems/ruby-1.8.7-p249/gems/activerecord-2.3.5/lib/active_record/connection_adapters/sqlite3_adapter.rb:13:in `sqlite3_connection'
    /Users/bryan/.rvm/gems/ruby-1.8.7-p249/gems/activerecord-2.3.5/lib/active_record/connection_adapters/abstract/connection_pool.rb:223:in `send'
    /Users/bryan/.rvm/gems/ruby-1.8.7-p249/gems/activerecord-2.3.5/lib/active_record/connection_adapters/abstract/connection_pool.rb:223:in `new_connection'
    /Users/bryan/.rvm/gems/ruby-1.8.7-p249/gems/activerecord-2.3.5/lib/active_record/connection_adapters/abstract/connection_pool.rb:245:in `checkout_new_connection'
    /Users/bryan/.rvm/gems/ruby-1.8.7-p249/gems/activerecord-2.3.5/lib/active_record/connection_adapters/abstract/connection_pool.rb:188:in `checkout'
    /Users/bryan/.rvm/gems/ruby-1.8.7-p249/gems/activerecord-2.3.5/lib/active_record/connection_adapters/abstract/connection_pool.rb:184:in `loop'
    /Users/bryan/.rvm/gems/ruby-1.8.7-p249/gems/activerecord-2.3.5/lib/active_record/connection_adapters/abstract/connection_pool.rb:184:in `checkout'
    /Users/bryan/.rvm/rubies/ruby-1.8.7-p249/lib/ruby/1.8/monitor.rb:242:in `synchronize'
    /Users/bryan/.rvm/gems/ruby-1.8.7-p249/gems/activerecord-2.3.5/lib/active_record/connection_adapters/abstract/connection_pool.rb:183:in `checkout'
    /Users/bryan/.rvm/gems/ruby-1.8.7-p249/gems/activerecord-2.3.5/lib/active_record/connection_adapters/abstract/connection_pool.rb:98:in `connection'
    /Users/bryan/.rvm/gems/ruby-1.8.7-p249/gems/activerecord-2.3.5/lib/active_record/connection_adapters/abstract/connection_pool.rb:326:in `retrieve_connection'
    /Users/bryan/.rvm/gems/ruby-1.8.7-p249/gems/activerecord-2.3.5/lib/active_record/connection_adapters/abstract/connection_specification.rb:123:in `retrieve_connection'
    /Users/bryan/.rvm/gems/ruby-1.8.7-p249/gems/activerecord-2.3.5/lib/active_record/connection_adapters/abstract/connection_specification.rb:115:in `connection'
    /Users/bryan/.rvm/gems/ruby-1.8.7-p249/gems/activerecord-2.3.5/lib/active_record/query_cache.rb:9:in `cache'
    /Users/bryan/.rvm/gems/ruby-1.8.7-p249/gems/activerecord-2.3.5/lib/active_record/query_cache.rb:28:in `call'
    /Users/bryan/.rvm/gems/ruby-1.8.7-p249/gems/activerecord-2.3.5/lib/active_record/connection_adapters/abstract/connection_pool.rb:361:in `call'
    /Users/bryan/.rvm/gems/ruby-1.8.7-p249/gems/actionpack-2.3.5/lib/action_controller/string_coercion.rb:25:in `call'
    /Users/bryan/.rvm/gems/ruby-1.8.7-p249/gems/rack-1.0.1/lib/rack/head.rb:9:in `call'
    /Users/bryan/.rvm/gems/ruby-1.8.7-p249/gems/rack-1.0.1/lib/rack/methodoverride.rb:24:in `call'
    /Users/bryan/.rvm/gems/ruby-1.8.7-p249/gems/actionpack-2.3.5/lib/action_controller/params_parser.rb:15:in `call'
    /Users/bryan/.rvm/gems/ruby-1.8.7-p249/gems/actionpack-2.3.5/lib/action_controller/session/cookie_store.rb:93:in `call'
    /Users/bryan/.rvm/gems/ruby-1.8.7-p249/gems/actionpack-2.3.5/lib/action_controller/failsafe.rb:26:in `call'
    /Users/bryan/.rvm/gems/ruby-1.8.7-p249/gems/rack-1.0.1/lib/rack/lock.rb:11:in `call'
    /Users/bryan/.rvm/gems/ruby-1.8.7-p249/gems/rack-1.0.1/lib/rack/lock.rb:11:in `synchronize'
    /Users/bryan/.rvm/gems/ruby-1.8.7-p249/gems/rack-1.0.1/lib/rack/lock.rb:11:in `call'
    /Users/bryan/.rvm/gems/ruby-1.8.7-p249/gems/actionpack-2.3.5/lib/action_controller/dispatcher.rb:114:in `call'
    /Users/bryan/.rvm/gems/ruby-1.8.7-p249/gems/actionpack-2.3.5/lib/action_controller/reloader.rb:34:in `run'
    /Users/bryan/.rvm/gems/ruby-1.8.7-p249/gems/actionpack-2.3.5/lib/action_controller/dispatcher.rb:108:in `call'
    /Users/bryan/.rvm/gems/ruby-1.8.7-p249/gems/rails-2.3.5/lib/rails/rack/static.rb:31:in `call'
    /Users/bryan/.rvm/gems/ruby-1.8.7-p249/gems/rack-1.0.1/lib/rack/urlmap.rb:46:in `call'
    /Users/bryan/.rvm/gems/ruby-1.8.7-p249/gems/rack-1.0.1/lib/rack/urlmap.rb:40:in `each'
    /Users/bryan/.rvm/gems/ruby-1.8.7-p249/gems/rack-1.0.1/lib/rack/urlmap.rb:40:in `call'
    /Users/bryan/.rvm/gems/ruby-1.8.7-p249/gems/rails-2.3.5/lib/rails/rack/log_tailer.rb:17:in `call'
    /Users/bryan/.rvm/gems/ruby-1.8.7-p249/gems/rack-1.0.1/lib/rack/content_length.rb:13:in `call'
    /Users/bryan/.rvm/gems/ruby-1.8.7-p249/gems/rack-1.0.1/lib/rack/handler/webrick.rb:50:in `service'
    /Users/bryan/.rvm/rubies/ruby-1.8.7-p249/lib/ruby/1.8/webrick/httpserver.rb:104:in `service'
    /Users/bryan/.rvm/rubies/ruby-1.8.7-p249/lib/ruby/1.8/webrick/httpserver.rb:65:in `run'
    /Users/bryan/.rvm/rubies/ruby-1.8.7-p249/lib/ruby/1.8/webrick/server.rb:173:in `start_thread'
    /Users/bryan/.rvm/rubies/ruby-1.8.7-p249/lib/ruby/1.8/webrick/server.rb:162:in `start'
    /Users/bryan/.rvm/rubies/ruby-1.8.7-p249/lib/ruby/1.8/webrick/server.rb:162:in `start_thread'
    /Users/bryan/.rvm/rubies/ruby-1.8.7-p249/lib/ruby/1.8/webrick/server.rb:95:in `start'
    /Users/bryan/.rvm/rubies/ruby-1.8.7-p249/lib/ruby/1.8/webrick/server.rb:92:in `each'
    /Users/bryan/.rvm/rubies/ruby-1.8.7-p249/lib/ruby/1.8/webrick/server.rb:92:in `start'
    /Users/bryan/.rvm/rubies/ruby-1.8.7-p249/lib/ruby/1.8/webrick/server.rb:23:in `start'
    /Users/bryan/.rvm/rubies/ruby-1.8.7-p249/lib/ruby/1.8/webrick/server.rb:82:in `start'
    /Users/bryan/.rvm/gems/ruby-1.8.7-p249/gems/rack-1.0.1/lib/rack/handler/webrick.rb:14:in `run'
    /Users/bryan/.rvm/gems/ruby-1.8.7-p249/gems/rails-2.3.5/lib/commands/server.rb:111
    /Users/bryan/.rvm/rubies/ruby-1.8.7-p249/lib/ruby/site_ruby/1.8/rubygems/custom_require.rb:31:in `gem_original_require'
    /Users/bryan/.rvm/rubies/ruby-1.8.7-p249/lib/ruby/site_ruby/1.8/rubygems/custom_require.rb:31:in `require'
    script/server:3


Processing ApplicationController#index (for 127.0.0.1 at 2010-04-08 10:41:16) [GET]

ActionController::RoutingError (No route matches "/training" with {:method=>:get}):
  /Users/bryan/.rvm/rubies/ruby-1.8.7-p249/lib/ruby/1.8/webrick/httpserver.rb:104:in `service'
  /Users/bryan/.rvm/rubies/ruby-1.8.7-p249/lib/ruby/1.8/webrick/httpserver.rb:65:in `run'
  /Users/bryan/.rvm/rubies/ruby-1.8.7-p249/lib/ruby/1.8/webrick/server.rb:173:in `start_thread'
  /Users/bryan/.rvm/rubies/ruby-1.8.7-p249/lib/ruby/1.8/webrick/server.rb:162:in `start'
  /Users/bryan/.rvm/rubies/ruby-1.8.7-p249/lib/ruby/1.8/webrick/server.rb:162:in `start_thread'
  /Users/bryan/.rvm/rubies/ruby-1.8.7-p249/lib/ruby/1.8/webrick/server.rb:95:in `start'
  /Users/bryan/.rvm/rubies/ruby-1.8.7-p249/lib/ruby/1.8/webrick/server.rb:92:in `each'
  /Users/bryan/.rvm/rubies/ruby-1.8.7-p249/lib/ruby/1.8/webrick/server.rb:92:in `start'
  /Users/bryan/.rvm/rubies/ruby-1.8.7-p249/lib/ruby/1.8/webrick/server.rb:23:in `start'
  /Users/bryan/.rvm/rubies/ruby-1.8.7-p249/lib/ruby/1.8/webrick/server.rb:82:in `start'

Rendering rescues/layout (not_found)


Processing Rails::InfoController#properties (for 127.0.0.1 at 2010-04-08 10:41:32) [GET]
  [4;36;1mSQL (0.3ms)[0m   [0;1m SELECT name
 FROM sqlite_master
 WHERE type = 'table' AND NOT name = 'sqlite_sequence'
[0m
Completed in 11ms (View: 1, DB: 0) | 200 OK [http://localhost/rails/info/properties]
